Found by thread Id: Found by thread Id: 12 - Prime - 2 - Prime - 3

Found by thread Id: 1 - Prime - 5
Found by thread Id: 1 - Prime - 7
Found by thread Id: 1 - Prime - 11
Found by thread Id: 1 - Prime - 13
Found by thread Id: 1 - Prime - 17
Found by thread Id: 1 - Prime - 19
Found by thread Id: 1 - Prime - 23
Found by thread Id: 1 - Prime - 29
Found by thread Id: 1 - Prime - 31
Found by thread Id: 1 - Prime - 37
Found by thread Id: 1 - Prime - 41
Found by thread Id: 1 - Prime - 43
Found by thread Id: 1 - Prime - 47
Found by thread Id: 1 - Prime - 53
Found by thread Id: 1 - Prime - 59
Found by thread Id: 2 - Prime - 61
Found by thread Id: 2 - Prime - 67
Found by thread Id: 2 - Prime - 71
Found by thread Id: 2 - Prime - 73
Found by thread Id: 2 - Prime - 79
Found by thread Id: 2 - Prime - 83
Found by thread Id: 2 - Prime - 89
Found by thread Id: 2 - Prime - 97
Found by thread Id: 2 - Prime - 101
Found by thread Id: 2 - Prime - 103
Found by thread Id: 2 - Prime - 107
Found by thread Id: 2 - Prime - 109
Found by thread Id: 2 - Prime - 113
Found by thread Id: Found by thread Id: 1 - Prime - 2131
Found by thread Id: 1 - Prime - 137
Found by thread Id: 1 - Prime - 139
Found by thread Id: 1 - Prime - 149
 - Prime - Found by thread Id: 1 - Prime - 151
Found by thread Id: 1 - Prime - 157
Found by thread Id: 1 - Prime - 163
Found by thread Id: 1 - Prime - 167
Found by thread Id: 1 - Prime - 173
Found by thread Id: 1 - Prime - 179
Found by thread Id: 1 - Prime - 181
Found by thread Id: 1 - Prime - 191127
Found by thread Id: 1 - Prime - 193
Found by thread Id: 1 - Prime - 197
Found by thread Id: 1 - Prime - 199
Found by thread Id: 1 - Prime - 
211Found by thread Id: 
2 - Prime - 223Found by thread Id: 1 - Prime - 227

Found by thread Id: 2 - Prime - 229
Found by thread Id: 2 - Prime - 233
Found by thread Id: 2 - Prime - 239
Found by thread Id: 2 - Prime - 241
Found by thread Id: 2 - Prime - 251Found by thread Id: 1 - Prime - 257

Found by thread Id: 2 - Prime - 263Found by thread Id: 1 - Prime - 269

Found by thread Id: 2 - Prime - 271
Found by thread Id: 2 - Prime - 277
Found by thread Id: 2 - Prime - 281
Found by thread Id: 2 - Prime - 283
Found by thread Id: 2 - Prime - 293
Found by thread Id: Found by thread Id: 2 - Prime - 3111
Found by thread Id: 2 - Prime - 313
Found by thread Id: 2 - Prime - 317
Found by thread Id: 2 - Prime -  - Prime - 331307

Found by thread Id: 2 - Prime - 337
Found by thread Id: 2 - Prime - 347
Found by thread Id: 1 - Prime - 349
Found by thread Id: 1 - Prime - 353
Found by thread Id: 1 - Prime - 359
Found by thread Id: 1 - Prime - 367
Found by thread Id: 1 - Prime - 373
Found by thread Id: 1 - Prime - 379
Found by thread Id: 1 - Prime - 383
Found by thread Id: 1 - Prime - 389
Found by thread Id: 1 - Prime - 397
Found by thread Id: 1 - Prime - 401
Found by thread Id: 1 - Prime - 409
Found by thread Id: Found by thread Id: 1 - Prime - 4212
Found by thread Id: 1 - Prime - 431 - Prime - 
Found by thread Id: 1 - Prime - 433
Found by thread Id: 1 - Prime - 439
Found by thread Id: 1 - Prime - 443
Found by thread Id: 1 - Prime - 449
Found by thread Id: 1 - Prime - 457
Found by thread Id: 1 - Prime - 461
Found by thread Id: 1 - Prime - 463
Found by thread Id: 1 - Prime - 467
Found by thread Id: 1 - Prime - 419479

Found by thread Id: 1 - Prime - 487
Found by thread Id: 1 - Prime - 491
Found by thread Id: 1 - Prime - 499
Found by thread Id: 1 - Prime - 503
Found by thread Id: 1 - Prime - 509
Found by thread Id: 1 - Prime - 521Found by thread Id: 2 - Prime - 523

Found by thread Id: Found by thread Id: 1 - Prime - 5472
Found by thread Id: 1 - Prime - 557 - Prime - 
Found by thread Id: 1 - Prime - 563
Found by thread Id: 1 - Prime - 569
Found by thread Id: 1 - Prime - 571
Found by thread Id: 1 - Prime - 577
Found by thread Id: 1 - Prime - 587541
Found by thread Id: 1 - Prime - 593
Found by thread Id: 1 - Prime - 599
Found by thread Id: 1 - Prime - 601
Found by thread Id: 1 - Prime - 607
Found by thread Id: 1 - Prime - 613
Found by thread Id: 1 - Prime - 617
Found by thread Id: 1 - Prime - 619
Found by thread Id: 1 - Prime - 
631
Found by thread Id: 1 - Prime - 641
Found by thread Id: 1 - Prime - 643
Found by thread Id: 1 - Prime - 647
Found by thread Id: 1 - Prime - 653
Found by thread Id: 1 - Prime - 659
Found by thread Id: 1 - Prime - 661
Found by thread Id: 1Found by thread Id: 2 - Prime - 677 - Prime - 
Found by thread Id: 2 - Prime - 683
Found by thread Id: 2 - Prime - 691
Found by thread Id: 2 - Prime - 701673
Found by thread Id: 2 - Prime - 709
Found by thread Id: 2 - Prime - 719

Found by thread Id: 1Found by thread Id: 2 - Prime -  - Prime - 733727

Found by thread Id: 2 - Prime - 739
Found by thread Id: 2 - Prime - 743
Found by thread Id: 2 - Prime - 751
Found by thread Id: 2 - Prime - 757
Found by thread Id: 2 - Prime - 761
Found by thread Id: 2 - Prime - 769
Found by thread Id: 2 - Prime - 773
Found by thread Id: Found by thread Id: 21 - Prime - 797
 - Prime - Found by thread Id: 1 - Prime - 787809

Found by thread Id: 1 - Prime - 811
Found by thread Id: 1 - Prime - 821Found by thread Id: 2 - Prime - 823
Found by thread Id: 2 - Prime - 827
Found by thread Id: 2 - Prime - 829
Found by thread Id: 2 - Prime - 839

Found by thread Id: 1 - Prime - 853
Found by thread Id: 1 - Prime - 859
Found by thread Id: 1 - Prime - 863
Found by thread Id: Found by thread Id: 1 - Prime - 2877
Found by thread Id: 1 - Prime - 881
Found by thread Id: 1 - Prime - 883
Found by thread Id: 1 - Prime - 887
 - Prime - Found by thread Id: 1 - Prime - 857907

Found by thread Id: 1 - Prime - 911
Found by thread Id: 1 - Prime - 919
Found by thread Id: 1 - Prime - 929
Found by thread Id: 2Found by thread Id: 1 - Prime - 941 - Prime - 
Found by thread Id: 1 - Prime - 947
Found by thread Id: 1 - Prime - 953
Found by thread Id: 9371 - Prime - 
967Found by thread Id: 2 - Prime - 971

Found by thread Id: 1 - Prime - Found by thread Id: 2 - Prime - 977983

Found by thread Id: 2 - Prime - 991
Found by thread Id: Found by thread Id: 12 - Prime - 1009
Found by thread Id: 2 - Prime - 1013
Found by thread Id: 2 - Prime - 1019
Found by thread Id: 2 - Prime - 1021
Found by thread Id: 2 - Prime - 1031
 - Prime - Found by thread Id: 2 - Prime - 1033
Found by thread Id: 2 - Prime - 1039
Found by thread Id: 2 - Prime - 1049997
Found by thread Id: 2 - Prime - 1051
Found by thread Id: 2 - Prime - 1061

Found by thread Id: 1 - Prime - 1063
Found by thread Id: 2 - Prime - 1069
Found by thread Id: Found by thread Id: 2 - Prime - 1091
1Found by thread Id: 2 - Prime - 1093
Found by thread Id: 2 - Prime - 1097
Found by thread Id: 2 - Prime - 1103
Found by thread Id: 2 - Prime - 1109
Found by thread Id: 2 - Prime - 1117
Found by thread Id: 2 - Prime - 1123
Found by thread Id: 2 - Prime - 1129
 - Prime - Found by thread Id: 21087 - Prime - 1151

Found by thread Id: 2 - Prime - 1153
Found by thread Id: 2 - Prime - Found by thread Id: 11163 - Prime - 
1171Found by thread Id: 
2 - Prime - 1181Found by thread Id: 1 - Prime - 1187

Found by thread Id: 1 - Prime - 1193
Found by thread Id: 1 - Prime - 1201
Found by thread Id: 1 - Prime - Found by thread Id: 2 - Prime - 1217
Found by thread Id: 2 - Prime - 1223
Found by thread Id: 2 - Prime - 1229
Found by thread Id: 2 - Prime - 1231
Found by thread Id: 2 - Prime - 1237
Found by thread Id: 21213 - Prime - 1249

Found by thread Id: 2 - Prime - 1259
Found by thread Id: Found by thread Id: 2 - Prime - 1279
Found by thread Id: 2 - Prime - 1283
Found by thread Id: 2 - Prime - 1289
Found by thread Id: 2 - Prime - 1291
Found by thread Id: 2 - Prime - 1297
Found by thread Id: 2 - Prime - 1301
Found by thread Id: 2 - Prime - 1303
Found by thread Id: 2 - Prime - 1307
Found by thread Id: 21 - Prime - 1319
Found by thread Id: 2 - Prime - 1321
Found by thread Id: 2 - Prime - 1327
 - Prime - 1277
Found by thread Id: 1 - Prime - Found by thread Id: 13672
 - Prime - Found by thread Id: 1 - Prime - 1373
Found by thread Id: 1 - Prime - 1381
1361Found by thread Id: 1 - Prime - 
1399Found by thread Id: 2 - Prime - 1409

Found by thread Id: 1 - Prime - 1423
Found by thread Id: Found by thread Id: 1 - Prime - 1429
Found by thread Id: 1 - Prime - 1433
Found by thread Id: 1 - Prime - 1439
Found by thread Id: 1 - Prime - 1447
Found by thread Id: 1 - Prime - 1451
Found by thread Id: 1 - Prime - 1453
Found by thread Id: 1 - Prime - 1459
Found by thread Id: 1 - Prime - 21471
 - Prime - Found by thread Id: 1 - Prime - 14811427
Found by thread Id: 1 - Prime - 1483
Found by thread Id: 1 - Prime - 1487
Found by thread Id: 1 - Prime - 1489
Found by thread Id: 1 - Prime - 1493
Found by thread Id: 1 - Prime - 1499
Found by thread Id: 1 - Prime - 1511
Found by thread Id: 
1Found by thread Id: 2 - Prime - 1531 - Prime - 
Found by thread Id: 21523 - Prime - 1543

Found by thread Id: 1 - Prime - Found by thread Id: 2 - Prime - 1553
Found by thread Id: 2 - Prime - 1559
Found by thread Id: 2 - Prime - 1567
Found by thread Id: 2 - Prime - 1571
Found by thread Id: 2 - Prime - 1579
1549Found by thread Id: 2 - Prime - 1583
Found by thread Id: 
2Found by thread Id: 1 - Prime - 1601 - Prime - 
Found by thread Id: 1 - Prime - 1607
Found by thread Id: 1 - Prime - 1609
Found by thread Id: 1 - Prime - 1613
Found by thread Id: 1 - Prime - 1619
Found by thread Id: 1 - Prime - 1621
Found by thread Id: 1 - Prime - 1627
Found by thread Id: 1 - Prime - 16371597

Found by thread Id: Found by thread Id: 2 - Prime - 1663
Found by thread Id: 2 - Prime - 1667
Found by thread Id: 2 - Prime - 1669
1Found by thread Id: 2 - Prime -  - Prime - 16931657

Found by thread Id: 2 - Prime - 1697
Found by thread Id: 2 - Prime - 1699
Found by thread Id: 2 - Prime - 1709Found by thread Id: 
1 - Prime - Found by thread Id: 2 - Prime - 1723
Found by thread Id: 2 - Prime - 17331721
Found by thread Id: 2 - Prime - 1741

Found by thread Id: 1 - Prime - 1747
Found by thread Id: 2 - Prime - 1753
Found by thread Id: 2 - Prime - 1759
Found by thread Id: 2 - Prime - 1777
Found by thread Id: 2 - Prime - 1787
Found by thread Id: 2 - Prime - 1789
Found by thread Id: 2 - Prime - Found by thread Id: 18011
Found by thread Id: 2 - Prime - 1811 - Prime - 
Found by thread Id: 21783 - Prime - 1823

Found by thread Id: 1Found by thread Id:  - Prime - 2 - Prime - 1847
1831Found by thread Id: 
2 - Prime - 1861Found by thread Id: 1 - Prime - 1867

Found by thread Id: 2 - Prime - 1871
Found by thread Id: 2 - Prime - 1873
Found by thread Id: 2 - Prime - 1877
Found by thread Id: 2 - Prime - 1879
Found by thread Id: 2 - Prime - 1889Found by thread Id: 
1 - Prime - Found by thread Id: 2 - Prime - 1907
Found by thread Id: 2 - Prime - 1913
1901Found by thread Id: 
Found by thread Id: 1 - Prime - 1933
Found by thread Id: 21 - Prime - 1949
 - Prime - Found by thread Id: 1 - Prime - 1951
1931Found by thread Id: 
Found by thread Id: 2 - Prime - 1979
1Found by thread Id: 2 - Prime - 1987 - Prime - 
1973Found by thread Id: 2 - Prime - 1993
Found by thread Id: 2 - Prime - 1997
Found by thread Id: 2 - Prime - 1999
Found by thread Id: 2 - Prime - 2003

Found by thread Id: 2 - Prime - 2011
Found by thread Id: 2 - Prime - 2017
Found by thread Id: 2 - Prime - Found by thread Id: 1 - Prime - 2029
Found by thread Id: 1 - Prime - 20392027
Found by thread Id: 
1 - Prime - 2053Found by thread Id: 2 - Prime - 2063

Found by thread Id: 2 - Prime - 2069
Found by thread Id: 2Found by thread Id: 1 - Prime - 2083
Found by thread Id: 1 - Prime - 2087
Found by thread Id: 1 - Prime - 2089
Found by thread Id: 1 - Prime - 2099 - Prime - 
Found by thread Id: 12081 - Prime - 2111

Found by thread Id: 2 - Prime - 2113
Found by thread Id: Found by thread Id: 1 - Prime - 2131
2Found by thread Id: 1 - Prime - 2137
Found by thread Id: 1 - Prime - 2141
Found by thread Id: 1 - Prime - 2143
Found by thread Id: 1 - Prime - 2153
 - Prime - Found by thread Id: 1 - Prime - 2161
2129
Found by thread Id: 1Found by thread Id: 2 - Prime - 2203 - Prime - 
Found by thread Id: 2 - Prime - 2207
Found by thread Id: 2 - Prime - 2213
Found by thread Id: 2 - Prime - 2221
Found by thread Id: 21792 - Prime - 2237

Found by thread Id: 2 - Prime - 2239
Found by thread Id: 2 - Prime - 2243
Found by thread Id: 2 - Prime - 2251
Found by thread Id: Found by thread Id: 1 - Prime - 2269
2Found by thread Id: 1 - Prime - 2273
Found by thread Id: 1 - Prime - 2281
Found by thread Id: 1 - Prime - 2287
Found by thread Id: 1 - Prime - 2293
Found by thread Id: 1 - Prime - 2297
Found by thread Id: 1 - Prime -  - Prime - 23092267
Found by thread Id: 1 - Prime - 2311

Found by thread Id: 1 - Prime - 2333
Found by thread Id: 1 - Prime - Found by thread Id: 2 - Prime - 2339
Found by thread Id: 2 - Prime - 2347
Found by thread Id: 2 - Prime - 2351
Found by thread Id: 2 - Prime - 2357
Found by thread Id: 23412 - Prime - 
2371Found by thread Id: 
1 - Prime - 2377Found by thread Id: 2 - Prime - 2381
Found by thread Id: 2 - Prime - 2383
Found by thread Id: 2 - Prime - 2389

Found by thread Id: 1Found by thread Id: 2 - Prime - 2399
Found by thread Id: 2 - Prime -  - Prime - 24112393

Found by thread Id: 2 - Prime - 2417
Found by thread Id: Found by thread Id: 12 - Prime - 2437
Found by thread Id: 2 - Prime - 2441
Found by thread Id: 2 - Prime - 2447 - Prime - 
Found by thread Id: 24232 - Prime - 
2459
Found by thread Id: Found by thread Id: 2 - Prime - 2473
Found by thread Id: 2 - Prime - 2477
1Found by thread Id:  - Prime - 2 - Prime - 24672503

Found by thread Id: 2 - Prime - 2521
Found by thread Id: 2 - Prime - 2539
Found by thread Id: 2 - Prime - 2543
Found by thread Id: 2 - Prime - 2549
Found by thread Id: Found by thread Id: 2 - Prime - 2551
Found by thread Id: 2 - Prime - 2557
1Found by thread Id: 2 - Prime - 2579 - Prime - 
Found by thread Id: 25312
 - Prime - Found by thread Id: 1 - Prime - 25912593

Found by thread Id: 2Found by thread Id:  - Prime - 12609 - Prime - 2617

Found by thread Id: 2 - Prime - 2621
Found by thread Id: 2Found by thread Id:  - Prime - 12633 - Prime - 2647

Found by thread Id: 2 - Prime - 2657Found by thread Id: 1 - Prime - 
2659Found by thread Id: 2 - Prime - 2663
Found by thread Id: 2 - Prime - 2671

Found by thread Id: 2 - Prime - 2677
Found by thread Id: 2 - Prime - 2683
Found by thread Id: 2 - Prime - 2687
Found by thread Id: 2 - Prime - 2689
Found by thread Id: 2 - Prime - 2693
Found by thread Id: 2 - Prime - 2699
Found by thread Id: 1 - Prime - Found by thread Id: 27072 - Prime - 
2711Found by thread Id: 1 - Prime - 2713

Found by thread Id: 1Found by thread Id: 2 - Prime - 2729 - Prime - 
Found by thread Id: 2 - Prime - 2731
Found by thread Id: 2 - Prime - 27412719
Found by thread Id: 2 - Prime - 2749

Found by thread Id: 2 - Prime - 2753
Found by thread Id: 2Found by thread Id:  - Prime - 12767 - Prime - 
Found by thread Id: 2 - Prime - 27772789

Found by thread Id: 2 - Prime - 2791
Found by thread Id: 2 - Prime - 2797
Found by thread Id: 2 - Prime - 2801
Found by thread Id: 2 - Prime - 2803
Found by thread Id: 2 - Prime - 2819
Found by thread Id: 2 - Prime - 2837
Found by thread Id: 2 - Prime - 2843
Found by thread Id: 2 - Prime - 2851
Found by thread Id: 2 - Prime - 2857
Found by thread Id: 2 - Prime - 2861
Found by thread Id: Found by thread Id: 2 - Prime - 12879
Found by thread Id: 2 - Prime - 2887 - Prime - 
Found by thread Id: 2 - Prime - 28972833

Found by thread Id: 2 - Prime - 2903
Found by thread Id: 2 - Prime - 2909
Found by thread Id: 2 - Prime - 2917
Found by thread Id: 1 - Prime - 2927
Found by thread Id: Found by thread Id: 12 - Prime -  - Prime - 2953
2939Found by thread Id: 1 - Prime - 2957

Found by thread Id: 1Found by thread Id: 2 - Prime - 2969
Found by thread Id: 2 - Prime - 2971
 - Prime - 2963Found by thread Id: 
Found by thread Id: 1 - Prime - 23001 - Prime - 
2999Found by thread Id: 
1 - Prime - Found by thread Id: 2 - Prime - 3019
Found by thread Id: 2 - Prime - 3023
Found by thread Id: 30112 - Prime - 3037
Found by thread Id: 2 - Prime - 3041
Found by thread Id: 2 - Prime - 3049

Found by thread Id: 1 - Prime - 3061Found by thread Id: 
2 - Prime - Found by thread Id: 13067 - Prime - 
Found by thread Id: 2 - Prime - 3083
Found by thread Id: 2 - Prime - 3089
3079Found by thread Id: 2
 - Prime - 3109Found by thread Id: 1 - Prime - 
3119
Found by thread Id: 1 - Prime - 3121
Found by thread Id: 1 - Prime - 3137
Found by thread Id: Found by thread Id: 12 - Prime -  - Prime - 31633167

Found by thread Id: 1 - Prime - 3169
Found by thread Id: Found by thread Id: 2 - Prime - 3187
Found by thread Id: 2 - Prime - 3191
Found by thread Id: 12 - Prime - 3203
Found by thread Id: 2 - Prime - 3209
Found by thread Id: 2 - Prime - 3217 - Prime - 
Found by thread Id: 2 - Prime - 3221
Found by thread Id: 2 - Prime - 32293181

Found by thread Id: 1Found by thread Id:  - Prime - 23253 - Prime - 3251

Found by thread Id: 1 - Prime - 3257Found by thread Id: 2 - Prime - 3259
Found by thread Id: 2 - Prime - 
3271
Found by thread Id: 1 - Prime - 3299
Found by thread Id: Found by thread Id: 1 - Prime - 33072
Found by thread Id: 1 - Prime -  - Prime - 33133301
Found by thread Id: 
1Found by thread Id: 2 - Prime - 3323
Found by thread Id: 2 - Prime - 3329
Found by thread Id: 2 - Prime - 3331
Found by thread Id:  - Prime - 2 - Prime - 33193343

Found by thread Id: Found by thread Id: 12 - Prime - 3359
Found by thread Id: 2 - Prime - 3361
Found by thread Id: 2 - Prime -  - Prime - 3371
3347Found by thread Id: 2 - Prime - 3373

Found by thread Id: Found by thread Id: 12 - Prime -  - Prime - 33913389

Found by thread Id: 2 - Prime - 3407
Found by thread Id: Found by thread Id: 12 - Prime - 3433
Found by thread Id:  - Prime - 2 - Prime - 34493413

Found by thread Id: 1 - Prime - Found by thread Id: 34572 - Prime - 
3461
Found by thread Id: 1 - Prime - 3463Found by thread Id: 2 - Prime - 3467
Found by thread Id: 2 - Prime - 3469

Found by thread Id: Found by thread Id: 21 - Prime -  - Prime - 34913499

Found by thread Id: 2 - Prime - Found by thread Id: 35111 - Prime - 3517

Found by thread Id: Found by thread Id: 2 - Prime - 3529
Found by thread Id: 2 - Prime - 3533
Found by thread Id: 2 - Prime - 3539
Found by thread Id: 2 - Prime - 3541
Found by thread Id: 2 - Prime - 3547
Found by thread Id: 2 - Prime - 13557
Found by thread Id: 2 - Prime - 3559
Found by thread Id:  - Prime - 2 - Prime - 35273571

Found by thread Id: Found by thread Id: 2 - Prime - 3583
1Found by thread Id: 2 - Prime -  - Prime - 35933581

Found by thread Id: Found by thread Id: 21 - Prime - 3613
 - Prime - Found by thread Id: 1 - Prime - 36173607
Found by thread Id: 1
 - Prime - Found by thread Id: 2 - Prime - 36313623
Found by thread Id: 2 - Prime - 3637
Found by thread Id: 2 - Prime - 3643
Found by thread Id: 
2 - Prime - 3659Found by thread Id: 1
 - Prime - 3671Found by thread Id: 2 - Prime - 3673
Found by thread Id: 2 - Prime - 3677

Found by thread Id: Found by thread Id: 21 - Prime - 3697 - Prime - 
Found by thread Id: 1 - Prime - 37013691

Found by thread Id: Found by thread Id: 2 - Prime - 13719
Found by thread Id: 2 - Prime -  - Prime - 3727
3709Found by thread Id: 2 - Prime - 3733
Found by thread Id: 2 - Prime - 3739

Found by thread Id: 2Found by thread Id:  - Prime - 37611
Found by thread Id: 2 - Prime - 3769
Found by thread Id: 2 - Prime - 3779 - Prime - 
Found by thread Id: 37672 - Prime - 3793
Found by thread Id: 2 - Prime - 3797
Found by thread Id: 2 - Prime - 3803

Found by thread Id: Found by thread Id: 12 - Prime -  - Prime - 38233821

Found by thread Id: Found by thread Id: 12 - Prime - 3847
Found by thread Id: 2 - Prime - 3851
Found by thread Id: 2 - Prime - 3853
Found by thread Id: 2 - Prime -  - Prime - 38633833

Found by thread Id: 1 - Prime - Found by thread Id: 38772 - Prime - 3881

Found by thread Id: 1Found by thread Id: 2 - Prime - 3907
 - Prime - Found by thread Id: 2 - Prime - 3911
Found by thread Id: 2 - Prime - 3917
Found by thread Id: 2 - Prime - 3919
Found by thread Id: 2 - Prime - 3923
Found by thread Id: 2 - Prime - 3929
Found by thread Id: 2 - Prime - 3931
Found by thread Id: 23889 - Prime - 3943

Found by thread Id: 2 - Prime - 3947
Found by thread Id: 2 - Prime - 3967
Found by thread Id: 2Found by thread Id:  - Prime - 14001
Found by thread Id: 2 - Prime - 4003
Found by thread Id: 2 - Prime - 4007
Found by thread Id: 2 - Prime - 4013
 - Prime - Found by thread Id: 2 - Prime - 4019
Found by thread Id: 2 - Prime - 4021
Found by thread Id: 2 - Prime - 4027
3989
Found by thread Id: Found by thread Id: 12 - Prime -  - Prime - 40514049

Found by thread Id: 2 - Prime - 4057
Found by thread Id: 2 - Prime - 4073
Found by thread Id: Found by thread Id: 2 - Prime - 40911
Found by thread Id: 2 - Prime - 4093
Found by thread Id: 2 - Prime - 4099
Found by thread Id: 2 - Prime -  - Prime - 41114079

Found by thread Id: 2 - Prime - 4127
Found by thread Id: 2 - Prime - 4133
Found by thread Id: 2 - Prime - 4139
Found by thread Id: Found by thread Id: 2 - Prime - 4153
1Found by thread Id: 2 - Prime - 4157
Found by thread Id: 2 - Prime - 4159
 - Prime - Found by thread Id: 24129 - Prime - 
4177
Found by thread Id: 2 - Prime - 4211
Found by thread Id: 2 - Prime - 4217
Found by thread Id: 2 - Prime - 4219
Found by thread Id: 2 - Prime - Found by thread Id: 4229
1Found by thread Id: 2 - Prime - 4231
Found by thread Id: 2 - Prime - 4241 - Prime - 
Found by thread Id: 2 - Prime - 4243
Found by thread Id: 2 - Prime - 42014253

Found by thread Id: 2 - Prime - 4259
Found by thread Id: 1Found by thread Id: 2 - Prime -  - Prime - 4271
4261Found by thread Id: 2 - Prime - 4273
Found by thread Id: 2 - Prime - 
4283
Found by thread Id: Found by thread Id: 2 - Prime - 42971
 - Prime - 4289
Found by thread Id: Found by thread Id: 12 - Prime - 4337 - Prime - 
4327
Found by thread Id: 1 - Prime - 4339
Found by thread Id: Found by thread Id: 2 - Prime - 43571
Found by thread Id: 2 - Prime - 4363
Found by thread Id: 2 - Prime - 4373 - Prime - 
4349Found by thread Id: 2
 - Prime - Found by thread Id: 43911 - Prime - 4397

Found by thread Id: 1 - Prime - 4409
Found by thread Id: 1 - Prime - 4423Found by thread Id: 
2 - Prime - Found by thread Id: 44211
 - Prime - 4441
Found by thread Id: 2 - Prime - 4447
Found by thread Id: 2 - Prime - 4451
Found by thread Id: 2 - Prime - 4457
Found by thread Id: 2 - Prime - 4463
Found by thread Id: 2 - Prime - 4481
Found by thread Id: 2Found by thread Id:  - Prime - 14493
Found by thread Id:  - Prime - 2 - Prime - 45074483
Found by thread Id: 2 - Prime - 4513
Found by thread Id: 2 - Prime - 4517
Found by thread Id: 2 - Prime - 4519
Found by thread Id: 2 - Prime - 4523

Found by thread Id: 1Found by thread Id:  - Prime - 24549 - Prime - 4547

Found by thread Id: Found by thread Id: 21 - Prime - 4567 - Prime - 
4561
Found by thread Id: 2 - Prime - 4591Found by thread Id: 
Found by thread Id: 2 - Prime - 4597
Found by thread Id: 2 - Prime - 4603
1 - Prime - Found by thread Id: 45832 - Prime - 
4621
Found by thread Id: 2 - Prime - 4639
Found by thread Id: Found by thread Id: 2 - Prime - 4643
Found by thread Id: 2 - Prime - 4649
Found by thread Id: 2 - Prime - 4651
Found by thread Id: 2 - Prime - 4657
Found by thread Id: 2 - Prime - 4663
Found by thread Id: 2 - Prime - 14673
Found by thread Id: 2 - Prime - 4679
Found by thread Id:  - Prime - 2 - Prime - 4691
Found by thread Id: 46372 - Prime - 4703

Found by thread Id: 2 - Prime - 4721
Found by thread Id: 2 - Prime - 4729
Found by thread Id: 2 - Prime - 4733
Found by thread Id: Found by thread Id: 12 - Prime - 4751 - Prime - 
4723Found by thread Id: 2 - Prime - 
4759
Found by thread Id: 2 - Prime - 4787
Found by thread Id: 2 - Prime - 4789
Found by thread Id: 2 - Prime - 4793
Found by thread Id: 2 - Prime - 4799
Found by thread Id: 2 - Prime - 4801
Found by thread Id: Found by thread Id: 2 - Prime - 14813
Found by thread Id: 2 - Prime - 4817
Found by thread Id:  - Prime - 2 - Prime - 4831
4783
Found by thread Id: Found by thread Id: 12 - Prime - 4871 - Prime - 
4861Found by thread Id: 1
 - Prime - Found by thread Id: 24877 - Prime - 
4889
Found by thread Id: 2 - Prime - 4909
Found by thread Id: 2 - Prime - Found by thread Id: 4919
1Found by thread Id:  - Prime - 2 - Prime - 49314903
Found by thread Id: 2 - Prime - 4933
Found by thread Id: 2 - Prime - 4937
Found by thread Id: 2 - Prime - 4943
Found by thread Id: 2 - Prime - 4951
Found by thread Id: 2 - Prime - 4957

Found by thread Id: 1 - Prime - 4967Found by thread Id: 
Found by thread Id: 1 - Prime - 49732
 - Prime - Found by thread Id: 14969 - Prime - 
4987Found by thread Id: 2 - Prime - 4993

Found by thread Id: 1 - Prime - Found by thread Id: 49992 - Prime - 
5003Found by thread Id: 1 - Prime - 5009

Found by thread Id: 1 - Prime - 5011
Found by thread Id: 1 - Prime - 5021
Found by thread Id: 1 - Prime - 5023
Found by thread Id: 1 - Prime - 5039
Found by thread Id: 1 - Prime - 5051
Found by thread Id: 1 - Prime - 5059
Found by thread Id: 1 - Prime - 5077
Found by thread Id: 1 - Prime - 5081
Found by thread Id: 1 - Prime - 5087
Found by thread Id: 1 - Prime - 5099
Found by thread Id: 1 - Prime - 5107
Found by thread Id: 1 - Prime - 5113
Found by thread Id: 1 - Prime - 5119
Found by thread Id: Found by thread Id: 21 - Prime -  - Prime - 5147
Found by thread Id: 1 - Prime - 5153
Found by thread Id: 51011
 - Prime - Found by thread Id: 2 - Prime - 5171
Found by thread Id: 2 - Prime - 51795167
Found by thread Id: 
2Found by thread Id: 1 - Prime - 5197
Found by thread Id: 1 - Prime - 5209
Found by thread Id: 1 - Prime - 5227
Found by thread Id: 1 - Prime - 5231
 - Prime - Found by thread Id: 1 - Prime - 5233
Found by thread Id: 1 - Prime - 5237
5189Found by thread Id: 1
 - Prime - Found by thread Id: 52612 - Prime - 
5273Found by thread Id: 1
 - Prime - Found by thread Id: 2 - Prime - 5281
5279Found by thread Id: 
Found by thread Id: 1 - Prime - 25303 - Prime - 
Found by thread Id: 1 - Prime - 5309
5297Found by thread Id: 
1 - Prime - Found by thread Id: 2 - Prime - 53235333

Found by thread Id: Found by thread Id: 1 - Prime - 5351
2 - Prime - 5347
Found by thread Id: 2 - Prime - 5387
Found by thread Id: 2 - Prime - 5393
Found by thread Id: 2 - Prime - 5399
Found by thread Id: 2 - Prime - 5407Found by thread Id: 
Found by thread Id: 2 - Prime - 5413
Found by thread Id: 2 - Prime - 5417
Found by thread Id: 2 - Prime - 5419
Found by thread Id: 12 - Prime - 5431
Found by thread Id: 2 - Prime - 5437
Found by thread Id: 2 - Prime - 5441
Found by thread Id: 2 - Prime - 5443
Found by thread Id: 2 - Prime - 5449
 - Prime - Found by thread Id: 53812
 - Prime - Found by thread Id: 15471 - Prime - 5477
Found by thread Id: 2 - Prime - 5479
Found by thread Id: 2 - Prime - 5483

Found by thread Id: Found by thread Id: 1 - Prime - 5503
2Found by thread Id: 1 - Prime - 5507
Found by thread Id:  - Prime - 1 - Prime - 55015519
Found by thread Id: 2 - Prime - 5521
Found by thread Id: 2 - Prime - 5527
Found by thread Id: 2 - Prime - 5531

Found by thread Id: Found by thread Id: 1 - Prime - 25563
 - Prime - Found by thread Id: 1 - Prime - 5569
Found by thread Id: 1 - Prime - 5573
Found by thread Id: 1 - Prime - 5581
Found by thread Id: 1 - Prime - 55915557

Found by thread Id: Found by thread Id: 2 - Prime - 56391
Found by thread Id: 2 - Prime - 5641
Found by thread Id: 2 - Prime - 5647
Found by thread Id: 2 - Prime - 5651
Found by thread Id: 2 - Prime - 5653
Found by thread Id: 2 - Prime - 5657
Found by thread Id: 2 - Prime - 5659
Found by thread Id: 2 - Prime -  - Prime - 5669
5623Found by thread Id: 
2 - Prime - 5683Found by thread Id: 1 - Prime - 
5689Found by thread Id: 2 - Prime - 5693
Found by thread Id: 2 - Prime - 5701

Found by thread Id: Found by thread Id: 2 - Prime - 5717
1 - Prime - Found by thread Id: 57112
Found by thread Id: 1 - Prime - 5741
Found by thread Id: 1 - Prime - 5743
Found by thread Id: 1 - Prime - 5749
 - Prime - 5737
Found by thread Id: 2 - Prime - 5783
Found by thread Id: 2 - Prime - 5791
Found by thread Id: 2 - Prime - Found by thread Id: 5801
1Found by thread Id: 2 - Prime - 5807
Found by thread Id: 2 - Prime - 5813
Found by thread Id: 2 - Prime - 5821
 - Prime - Found by thread Id: 2 - Prime - 5827
Found by thread Id: 25779 - Prime - 
5839Found by thread Id: 1 - Prime - 5843

Found by thread Id: 1 - Prime - 5849
Found by thread Id: 1 - Prime - 5851
Found by thread Id: 1 - Prime - 5857
Found by thread Id: 1 - Prime - 5861
Found by thread Id: 1 - Prime - 5867
Found by thread Id: 1 - Prime - 5869
Found by thread Id: 1 - Prime - Found by thread Id: 2 - Prime - 5881
5879Found by thread Id: 
Found by thread Id: 1 - Prime - 25903 - Prime - 
5897Found by thread Id: 
1Found by thread Id: 2 - Prime - 5927
Found by thread Id: 2 - Prime -  - Prime - 59395923

Found by thread Id: 2 - Prime - 5953
Found by thread Id: Found by thread Id: 2 - Prime - 5987
1Found by thread Id: 2 - Prime - 6007 - Prime - 
Found by thread Id: 2 - Prime - 6011
5981Found by thread Id: 2
 - Prime - Found by thread Id: 60291 - Prime - 6037

Found by thread Id: 1 - Prime - 6043
Found by thread Id: 1 - Prime - 6047
Found by thread Id: 1 - Prime - 6053
Found by thread Id: Found by thread Id: 2 - Prime - 6073
1Found by thread Id: 2 - Prime - 6079
Found by thread Id: 2 - Prime -  - Prime - 60896067

Found by thread Id: 1 - Prime - 6091
Found by thread Id: 1 - Prime - 6101Found by thread Id: 
2 - Prime - 6113Found by thread Id: 
1 - Prime - 6121Found by thread Id: 2 - Prime - 
6131Found by thread Id: 1 - Prime - 6133

Found by thread Id: 1 - Prime - Found by thread Id: 2 - Prime - 6151
6143Found by thread Id: 
2 - Prime - 6163Found by thread Id: 
1 - Prime - Found by thread Id: 61732
 - Prime - Found by thread Id: 1 - Prime - 6199
6197Found by thread Id: 1 - Prime - 6203
Found by thread Id: 1 - Prime - 6211
Found by thread Id: 1 - Prime - 6217
Found by thread Id: 1 - Prime - 6221
Found by thread Id: 1 - Prime - 6229

Found by thread Id: 1 - Prime - 6247
Found by thread Id: 1 - Prime - 6263
Found by thread Id: Found by thread Id: 1 - Prime - 6269
Found by thread Id: 1 - Prime - 6271
Found by thread Id: 1 - Prime - 6277
Found by thread Id: 12 - Prime - 6287 - Prime - 
6257Found by thread Id: 1
 - Prime - 6299
Found by thread Id: 2 - Prime - 6301
Found by thread Id: 2 - Prime - 6311Found by thread Id: 
1Found by thread Id: 2 - Prime - 6323
 - Prime - Found by thread Id: 2 - Prime - 6329
Found by thread Id: 2 - Prime - 63376317
Found by thread Id: 2 - Prime - 6343
Found by thread Id: 2 - Prime - 
6353
Found by thread Id: 1 - Prime - Found by thread Id: 2 - Prime - 6361
Found by thread Id: 2 - Prime - 6367
Found by thread Id: 2 - Prime - 6373
Found by thread Id: 2 - Prime - 6379
Found by thread Id: 26359 - Prime - 6389

Found by thread Id: 2 - Prime - 6397
Found by thread Id: 2 - Prime - 6427
Found by thread Id: Found by thread Id: 12 - Prime - 6449
Found by thread Id: 2 - Prime - 6451
 - Prime - Found by thread Id: 26421 - Prime - 6469

Found by thread Id: 2 - Prime - 6473
Found by thread Id: 2 - Prime - 6481Found by thread Id: 
1 - Prime - 6491
Found by thread Id: 1 - Prime - Found by thread Id: 65292
 - Prime - 6521
Found by thread Id: Found by thread Id: 2 - Prime - 6551
Found by thread Id: 2 - Prime - 6553
Found by thread Id: 21 - Prime - 6563
Found by thread Id: 2 - Prime - 6569
Found by thread Id: 2 - Prime - 6571
Found by thread Id: 2 - Prime - 6577
Found by thread Id: 2 - Prime - 6581
 - Prime - Found by thread Id: 26547 - Prime - 
Found by thread Id: 65991 - Prime - 6607

Found by thread Id: 2 - Prime - Found by thread Id: 66191
 - Prime - Found by thread Id: 66372
 - Prime - Found by thread Id: 1 - Prime - 66536659

Found by thread Id: 1 - Prime - 6661
Found by thread Id: Found by thread Id: 2 - Prime - 6679
1Found by thread Id: 2 - Prime - 6689 - Prime - 
Found by thread Id: 2 - Prime - 6691
6673
Found by thread Id: 1 - Prime - 6703
Found by thread Id: Found by thread Id: 1 - Prime - 6709
Found by thread Id: 1 - Prime - 67192
 - Prime - Found by thread Id: 67011 - Prime - 6733

Found by thread Id: 2 - Prime - 6737
Found by thread Id: 2 - Prime - 6763Found by thread Id: 
1Found by thread Id: 2 - Prime -  - Prime - 67796761

Found by thread Id: 2 - Prime - 6781Found by thread Id: 
1 - Prime - Found by thread Id: 2 - Prime - 67936791

Found by thread Id: 2 - Prime - Found by thread Id: 68031
 - Prime - Found by thread Id: 2 - Prime - 68276823

Found by thread Id: 2 - Prime - 6829Found by thread Id: 1 - Prime - 6833

Found by thread Id: 1 - Prime - 6841
Found by thread Id: Found by thread Id: 12 - Prime -  - Prime - 68636857

Found by thread Id: 1 - Prime - 6869
Found by thread Id: 1 - Prime - 6871
Found by thread Id: 1 - Prime - 6883Found by thread Id: 
Found by thread Id: 21 - Prime - 6907
 - Prime - Found by thread Id: 1 - Prime - 6911
6899Found by thread Id: 1 - Prime - 6917

Found by thread Id: Found by thread Id: 21 - Prime -  - Prime - 69496947

Found by thread Id: 1 - Prime - 6959
Found by thread Id: 1 - Prime - 6961
Found by thread Id: 1 - Prime - 6967
Found by thread Id: 1 - Prime - 6971
Found by thread Id: 1 - Prime - 6977
Found by thread Id: 1 - Prime - 6983
Found by thread Id: 1 - Prime - 6991Found by thread Id: 2
 - Prime - 6997
Found by thread Id: 1 - Prime - 7001
Found by thread Id: 2 - Prime - 7013
Found by thread Id: Found by thread Id: 2 - Prime - 7027
1Found by thread Id:  - Prime - 27019 - Prime - 
Found by thread Id: 1 - Prime - 7043
Found by thread Id: 70391 - Prime - 7057
Found by thread Id: 
1 - Prime - 7069
Found by thread Id: 2Found by thread Id:  - Prime - 17079 - Prime - 7103

Found by thread Id: 2 - Prime - Found by thread Id: 17109 - Prime - 7121

Found by thread Id: Found by thread Id: 1 - Prime - 7129
2Found by thread Id: 1 - Prime - 7151 - Prime - 
Found by thread Id: 1 - Prime - 71597127

Found by thread Id: 1Found by thread Id:  - Prime - 27177 - Prime - 7187

Found by thread Id: 1 - Prime - 7193
Found by thread Id: 2Found by thread Id:  - Prime - 17207 - Prime - 7211

Found by thread Id: 1 - Prime - 7213
Found by thread Id: 1 - Prime - 7219
Found by thread Id: 1 - Prime - 7229Found by thread Id: 
2Found by thread Id: 1 - Prime - 7243
Found by thread Id: 1 - Prime - 7247
Found by thread Id: 1 - Prime - 7253
 - Prime - 7237
Found by thread Id: Found by thread Id: 12 - Prime -  - Prime - 7283
7297Found by thread Id: 1 - Prime - 
7307
Found by thread Id: 1 - Prime - 7309
Found by thread Id: 1Found by thread Id:  - Prime - 2 - Prime - 73217331

Found by thread Id: 2 - Prime - 7333Found by thread Id: 
1 - Prime - 7349Found by thread Id: 
2 - Prime - Found by thread Id: 1 - Prime - 73517369

Found by thread Id: 1 - Prime - 7393
Found by thread Id: 1 - Prime - 7417Found by thread Id: 
2Found by thread Id: 1 - Prime - 7433 - Prime - 
7411Found by thread Id: 
Found by thread Id: 12 - Prime - 7457 - Prime - 
Found by thread Id: 2 - Prime - 7459
7451
Found by thread Id: 1 - Prime - 7481
Found by thread Id: 1 - Prime - 7487
Found by thread Id: 1 - Prime - 7489
Found by thread Id: 1 - Prime - Found by thread Id: 74992
Found by thread Id: 1 - Prime - 7507 - Prime - 
Found by thread Id: 1 - Prime - 74777517

Found by thread Id: 1 - Prime - 7523
Found by thread Id: Found by thread Id: 1 - Prime - 27537
Found by thread Id: 1 - Prime - 7541
Found by thread Id: 1 - Prime - 7547
Found by thread Id: 1 - Prime - 7549
Found by thread Id: 1 - Prime - 7559 - Prime - 
Found by thread Id: 1 - Prime - 7561
Found by thread Id: 75291 - Prime - 
7573
Found by thread Id: 1 - Prime - 7577
Found by thread Id: 1 - Prime - 7583
Found by thread Id: 2Found by thread Id:  - Prime - 1 - Prime - 75897591

Found by thread Id: 1Found by thread Id:  - Prime - 2 - Prime - 76077603

Found by thread Id: 2 - Prime - 7621
Found by thread Id: 2Found by thread Id:  - Prime - 17643 - Prime - 
7639Found by thread Id: 
2 - Prime - Found by thread Id: 76491
 - Prime - Found by thread Id: 76692 - Prime - 7673

Found by thread Id: Found by thread Id: 1 - Prime - 7687
2Found by thread Id: 1 - Prime - 7691
Found by thread Id: 1 - Prime -  - Prime - 7699
7681Found by thread Id: 1 - Prime - 7703

Found by thread Id: 1 - Prime - Found by thread Id: 77172
 - Prime - Found by thread Id: 1 - Prime - 7727
7723Found by thread Id: 1 - Prime - 
7741
Found by thread Id: 1 - Prime - 7757
Found by thread Id: 1 - Prime - 7759
Found by thread Id: 2Found by thread Id:  - Prime - 1 - Prime - 77537789
Found by thread Id: 1 - Prime - 7793

Found by thread Id: Found by thread Id: 12 - Prime -  - Prime - 78177823

Found by thread Id: 1 - Prime - 7829
Found by thread Id: 1Found by thread Id:  - Prime - 78412
Found by thread Id:  - Prime - 1 - Prime - 7867
Found by thread Id: 1 - Prime - 7873
Found by thread Id: 1 - Prime - 7877
Found by thread Id: 1 - Prime - 7879
Found by thread Id: 1 - Prime - 7883
7853Found by thread Id: 1 - Prime - 
7901Found by thread Id: 
2 - Prime - Found by thread Id: 79071 - Prime - 7919

Found by thread Id: 1 - Prime - Found by thread Id: 79272 - Prime - 7933

Found by thread Id: 1 - Prime - 7937
Found by thread Id: 1Found by thread Id: 2 - Prime -  - Prime - 79497951
Found by thread Id: 
1 - Prime - 7963
Found by thread Id: Found by thread Id: 1 - Prime - 28009
Found by thread Id: 1 - Prime - 8011
Found by thread Id: 1 - Prime - 8017
 - Prime - Found by thread Id: 79931
 - Prime - 8039
Found by thread Id: 1 - Prime - 8059
Found by thread Id: 1 - Prime - Found by thread Id: 8069
2Found by thread Id:  - Prime - 1 - Prime - 80818053

Found by thread Id: 1 - Prime - 8087Found by thread Id: 
2Found by thread Id: 1 - Prime - 8093
 - Prime - Found by thread Id: 1 - Prime - 81018089
Found by thread Id: 1 - Prime - 
8111Found by thread Id: 
2Found by thread Id: 1 - Prime - 8123
 - Prime - 8117Found by thread Id: 
1 - Prime - Found by thread Id: 81472
 - Prime - 8161Found by thread Id: 1 - Prime - 8167
Found by thread Id: 1 - Prime - 8171
Found by thread Id: 1 - Prime - 8179

Found by thread Id: 2 - Prime - 8191
Found by thread Id: Found by thread Id: 12 - Prime - 8209 - Prime - 
8219Found by thread Id: 1 - Prime - 8221
Found by thread Id: 1 - Prime - 
8231Found by thread Id: 
2Found by thread Id: 1 - Prime - 8237
Found by thread Id: 1 - Prime - 8243
 - Prime - Found by thread Id: 18233 - Prime - 8263

Found by thread Id: 1 - Prime - 8269
Found by thread Id: 1 - Prime - 8273
Found by thread Id: Found by thread Id: 12 - Prime - 8291 - Prime - 
Found by thread Id: 2 - Prime - 82938287

Found by thread Id: 2 - Prime - Found by thread Id: 82971 - Prime - 8311

Found by thread Id: 1 - Prime - 8317
Found by thread Id: 1 - Prime - 8329
Found by thread Id: 1Found by thread Id:  - Prime - 83632
Found by thread Id: 1 - Prime - 8369
Found by thread Id: 1 - Prime - 8377 - Prime - 
Found by thread Id: 83531
 - Prime - Found by thread Id: 28387 - Prime - 8389

Found by thread Id: 2Found by thread Id:  - Prime - 1 - Prime - 84198423

Found by thread Id: 1 - Prime - 8429
Found by thread Id: 1 - Prime - 8431
Found by thread Id: Found by thread Id: 12 - Prime - 8447 - Prime - 
8443
Found by thread Id: 1 - Prime - 8467
Found by thread Id: 2 - Prime - 8461
Found by thread Id: Found by thread Id: 21 - Prime -  - Prime - 85138501

Found by thread Id: Found by thread Id: 1 - Prime - 8527
Found by thread Id: 1 - Prime - 28537
Found by thread Id: 1 - Prime - 8539
Found by thread Id: 1 - Prime - 8543
 - Prime - Found by thread Id: 85211
 - Prime - 8563Found by thread Id: 
2Found by thread Id: 1 - Prime - 8581 - Prime - 
8573Found by thread Id: 1 - Prime - 
8597Found by thread Id: 
2Found by thread Id: 1 - Prime - 8609 - Prime - 
8599Found by thread Id: 1 - Prime - 
8623Found by thread Id: 
2 - Prime - 8627Found by thread Id: 1 - Prime - 8629

Found by thread Id: 1Found by thread Id:  - Prime - 86412
 - Prime - Found by thread Id: 86471 - Prime - 
8663
Found by thread Id: Found by thread Id: 1 - Prime - 86772
Found by thread Id: 1 - Prime - 8681
Found by thread Id: 1 - Prime - 8689 - Prime - 
Found by thread Id: 1 - Prime - 8693
Found by thread Id: 1 - Prime - 8699
Found by thread Id: 1 - Prime - 87078669
Found by thread Id: 1 - Prime - 8713

Found by thread Id: 2 - Prime - 8719
Found by thread Id: Found by thread Id: 21 - Prime -  - Prime - 87378731

Found by thread Id: 2 - Prime - Found by thread Id: 1 - Prime - 8747
8741Found by thread Id: 1 - Prime - 8753

Found by thread Id: 1 - Prime - 8761
Found by thread Id: 1 - Prime - 8783
Found by thread Id: Found by thread Id: 12 - Prime - 8803 - Prime - 
Found by thread Id: 1 - Prime - 8807
Found by thread Id: 18779 - Prime - 8819

Found by thread Id: 2Found by thread Id: 1 - Prime -  - Prime - 88318821

Found by thread Id: 2 - Prime - Found by thread Id: 88371 - Prime - 
8839
Found by thread Id: Found by thread Id: 21 - Prime - 8861
Found by thread Id: 1 - Prime - 8863
Found by thread Id: 1 - Prime - 8867
 - Prime - Found by thread Id: 88491 - Prime - 
8887
Found by thread Id: 2 - Prime - Found by thread Id: 88931
 - Prime - Found by thread Id: 89232 - Prime - 
8929Found by thread Id: 1 - Prime - 8933
Found by thread Id: 1 - Prime - 8941
Found by thread Id: 1 - Prime - 8951
Found by thread Id: 1 - Prime - 8963
Found by thread Id: 1 - Prime - 8969
Found by thread Id: 1 - Prime - 8971
Found by thread Id: 1 - Prime - 8999
Found by thread Id: 1 - Prime - 9001
Found by thread Id: 1 - Prime - 9007
Found by thread Id: 1 - Prime - 9011
Found by thread Id: 1 - Prime - 9013
Found by thread Id: 1 - Prime - 9029
Found by thread Id: 1 - Prime - 9041
Found by thread Id: 1 - Prime - 9043
Found by thread Id: 1 - Prime - 9049
Found by thread Id: 1 - Prime - 9059
Found by thread Id: 1 - Prime - 9067
Found by thread Id: 1 - Prime - 9091
Found by thread Id: 1 - Prime - 9103
Found by thread Id: 1 - Prime - 9109
Found by thread Id: 1 - Prime - 9127
Found by thread Id: 1 - Prime - 9133
Found by thread Id: 1 - Prime - 9137
Found by thread Id: 1 - Prime - 9151
Found by thread Id: 1 - Prime - 9157
Found by thread Id: 1 - Prime - 9161
Found by thread Id: 1 - Prime - 9173
Found by thread Id: 1 - Prime - 9181
Found by thread Id: 1 - Prime - 9187
Found by thread Id: 1 - Prime - 9199
Found by thread Id: 1 - Prime - 9203
Found by thread Id: 1 - Prime - 9209
Found by thread Id: 1 - Prime - 9221
Found by thread Id: 1 - Prime - 9227
Found by thread Id: 1 - Prime - 9239
Found by thread Id: 1 - Prime - 9241
Found by thread Id: 1 - Prime - 9257
Found by thread Id: 1 - Prime - 9277
Found by thread Id: 1 - Prime - 9281
Found by thread Id: 1 - Prime - 9283
Found by thread Id: 1 - Prime - 9293
Found by thread Id: 1 - Prime - 9311
Found by thread Id: 1 - Prime - 9319
Found by thread Id: 1 - Prime - 9323
Found by thread Id: 1 - Prime - 9337
Found by thread Id: 1 - Prime - 9341
Found by thread Id: 1 - Prime - 9343
Found by thread Id: 1 - Prime - 9349
Found by thread Id: 1 - Prime - 9371
Found by thread Id: 1 - Prime - 9377
Found by thread Id: 1 - Prime - 9391
Found by thread Id: 1 - Prime - 9397
Found by thread Id: 1 - Prime - 9403
Found by thread Id: 1 - Prime - 9413
Found by thread Id: 1 - Prime - 9419
Found by thread Id: 1 - Prime - 9421
Found by thread Id: 1 - Prime - 9431
Found by thread Id: 1 - Prime - 9433
Found by thread Id: 1 - Prime - 9437
Found by thread Id: 1 - Prime - 9439
Found by thread Id: 1 - Prime - 9461
Found by thread Id: 1 - Prime - 9463
Found by thread Id: 1 - Prime - 9467
Found by thread Id: 1 - Prime - 9473
Found by thread Id: 1 - Prime - 9479
Found by thread Id: 1 - Prime - 9491
Found by thread Id: 1 - Prime - 9497
Found by thread Id: 1 - Prime - 9511
Found by thread Id: 1 - Prime - 9521
Found by thread Id: 1 - Prime - 9533
Found by thread Id: 1 - Prime - 9539
Found by thread Id: 1 - Prime - 9547
Found by thread Id: 1 - Prime - 9551
Found by thread Id: 1 - Prime - 9587
Found by thread Id: 1 - Prime - 9601
Found by thread Id: 1 - Prime - 9613
Found by thread Id: 1 - Prime - 9619
Found by thread Id: 1 - Prime - 9623
Found by thread Id: 1 - Prime - 9629
Found by thread Id: 1 - Prime - 9631
Found by thread Id: 1 - Prime - 9643
Found by thread Id: 1 - Prime - 9649
Found by thread Id: 1 - Prime - 9661
Found by thread Id: 1 - Prime - 9677
Found by thread Id: 1 - Prime - 9679
Found by thread Id: 1 - Prime - 9689
Found by thread Id: 1 - Prime - 9697
Found by thread Id: 1 - Prime - 9719
Found by thread Id: 1 - Prime - 9721
Found by thread Id: 1 - Prime - 9733
Found by thread Id: 1 - Prime - 9739
Found by thread Id: 1 - Prime - 9743
Found by thread Id: 1 - Prime - 9749
Found by thread Id: 1 - Prime - 9767
Found by thread Id: 1 - Prime - 9769
Found by thread Id: 1 - Prime - 9781
Found by thread Id: 1 - Prime - 9787
Found by thread Id: 1 - Prime - 9791
Found by thread Id: 1 - Prime - 9803
Found by thread Id: 1 - Prime - 9811
Found by thread Id: 1 - Prime - 9817
Found by thread Id: 1 - Prime - 9829
Found by thread Id: 1 - Prime - 9833
Found by thread Id: 1 - Prime - 9839
Found by thread Id: 1 - Prime - 9851
Found by thread Id: 1 - Prime - 9857
Found by thread Id: 1 - Prime - 9859
Found by thread Id: 1 - Prime - 9871
Found by thread Id: 1 - Prime - 9883
Found by thread Id: 1 - Prime - 9887
Found by thread Id: 1 - Prime - 9901
Found by thread Id: 1 - Prime - 9907
Found by thread Id: 1 - Prime - 9923
Found by thread Id: 1 - Prime - 9929
Found by thread Id: 1 - Prime - 9931
Found by thread Id: 1 - Prime - 9941
Found by thread Id: 1 - Prime - 9949

Found by thread Id: 1 - Prime - 9967
Found by thread Id: 2 - Prime - 9973
