Found by thread Id: Found by thread Id: 21 - Prime - 2 - Prime - 3

Found by thread Id: 1 - Prime - 5
Found by thread Id: 1 - Prime - 7
Found by thread Id: 1 - Prime - Found by thread Id: 2 - Prime - 13
11Found by thread Id: 2 - Prime - 17
Found by thread Id: 2 - Prime - 19
Found by thread Id: 2 - Prime - 23
Found by thread Id: 2 - Prime - 29
Found by thread Id: 2 - Prime - 31
Found by thread Id: 2 - Prime - 
37Found by thread Id: 1 - Prime - 41

Found by thread Id: 1 - Prime - 43
Found by thread Id: 1 - Prime - 47Found by thread Id: 2 - Prime - 53
Found by thread Id: 2 - Prime - 59
Found by thread Id: 2 - Prime - 61
Found by thread Id: 2 - Prime - 67
Found by thread Id: 2 - Prime - 71
Found by thread Id: 2 - Prime - 73
Found by thread Id: 2 - Prime - 79
Found by thread Id: 2 - Prime - 83
Found by thread Id: 2 - Prime - 89
Found by thread Id: 2 - Prime - 97
Found by thread Id: 2 - Prime - 101
Found by thread Id: 2 - Prime - 103
Found by thread Id: 2 - Prime - 107
Found by thread Id: 2 - Prime - 109
Found by thread Id: 2 - Prime - 113
Found by thread Id: 2 - Prime - 127

Found by thread Id: 2 - Prime - 131
Found by thread Id: 2 - Prime - 137
Found by thread Id: 2 - Prime - 139
Found by thread Id: 2 - Prime - 149
Found by thread Id: 2 - Prime - 151
Found by thread Id: 2 - Prime - 157
Found by thread Id: 2 - Prime - 163
Found by thread Id: 2 - Prime - 167
Found by thread Id: 2 - Prime - 173
Found by thread Id: 2 - Prime - 179
Found by thread Id: 2 - Prime - 181
Found by thread Id: 2 - Prime - 191
Found by thread Id: 2 - Prime - 193
Found by thread Id: 2 - Prime - 197
Found by thread Id: 2 - Prime - 199
Found by thread Id: 2 - Prime - 211
Found by thread Id: 2 - Prime - 223
Found by thread Id: 2 - Prime - 227
Found by thread Id: 2 - Prime - 229
Found by thread Id: 2 - Prime - 233
Found by thread Id: 2 - Prime - 239
Found by thread Id: 2 - Prime - 241
Found by thread Id: 2 - Prime - 251
Found by thread Id: 2 - Prime - 257
Found by thread Id: 2 - Prime - 263
Found by thread Id: 2 - Prime - 269
Found by thread Id: 2 - Prime - 271
Found by thread Id: 2 - Prime - 277
Found by thread Id: 2 - Prime - 281
Found by thread Id: 2 - Prime - 283
Found by thread Id: 2 - Prime - 293
Found by thread Id: 2 - Prime - 307
Found by thread Id: 2 - Prime - 311
Found by thread Id: 2 - Prime - 313
Found by thread Id: 2 - Prime - 317
Found by thread Id: 2 - Prime - 331
Found by thread Id: 1 - Prime - 337
Found by thread Id: Found by thread Id: 1 - Prime - 349
2Found by thread Id: 1 - Prime - 353 - Prime - 
347Found by thread Id: 1 - Prime - 
359Found by thread Id: 2 - Prime - 367

Found by thread Id: 2 - Prime - 373
Found by thread Id: 2 - Prime - 379
Found by thread Id: 2 - Prime - 383
Found by thread Id: 2 - Prime - 389
Found by thread Id: 2 - Prime - 397
Found by thread Id: 2 - Prime - 401
Found by thread Id: 2 - Prime - 409
Found by thread Id: 2 - Prime - 419
Found by thread Id: 2 - Prime - 421
Found by thread Id: 2 - Prime - 431
Found by thread Id: 2 - Prime - 433
Found by thread Id: 2 - Prime - 439
Found by thread Id: 2 - Prime - 443
Found by thread Id: 2 - Prime - 449
Found by thread Id: 2 - Prime - 457
Found by thread Id: 2 - Prime - 461
Found by thread Id: 2 - Prime - 463
Found by thread Id: 2 - Prime - 467
Found by thread Id: 2 - Prime - 479
Found by thread Id: 2 - Prime - 487
Found by thread Id: 2 - Prime - 491
Found by thread Id: 2 - Prime - 499
Found by thread Id: 2 - Prime - 503
Found by thread Id: 2 - Prime - 509
Found by thread Id: 2 - Prime - 521
Found by thread Id: 2 - Prime - 523
Found by thread Id: 2 - Prime - Found by thread Id: 5411 - Prime - 547

Found by thread Id: 1Found by thread Id: 2 - Prime - 563 - Prime - 
Found by thread Id: 2 - Prime - 569
Found by thread Id: 2 - Prime - 571
Found by thread Id: 2 - Prime - 577
Found by thread Id: 2 - Prime - 587
Found by thread Id: 2 - Prime - 593
Found by thread Id: 2 - Prime - 599
Found by thread Id: 2 - Prime - 601
Found by thread Id: 2 - Prime - 607
Found by thread Id: 2 - Prime - 613
Found by thread Id: 2 - Prime - 617
Found by thread Id: 2 - Prime - 619
Found by thread Id: 2 - Prime - 631
557Found by thread Id: 2 - Prime - 641
Found by thread Id: 2 - Prime - 643
Found by thread Id: 2 - Prime - 647
Found by thread Id: 2 - Prime - 653
Found by thread Id: 2 - Prime - 659
Found by thread Id: 2 - Prime - 661
Found by thread Id: 2 - Prime - 673
Found by thread Id: 2 - Prime - 677
Found by thread Id: 2 - Prime - 683
Found by thread Id: 2 - Prime - 691
Found by thread Id: 2 - Prime - 701
Found by thread Id: 2 - Prime - 709
Found by thread Id: 2 - Prime - 719
Found by thread Id: 2 - Prime - 727
Found by thread Id: 2 - Prime - 733
Found by thread Id: 2 - Prime - 739
Found by thread Id: 2 - Prime - 743
Found by thread Id: 2 - Prime - 751
Found by thread Id: 2 - Prime - 757
Found by thread Id: 2 - Prime - 761
Found by thread Id: 2 - Prime - 769
Found by thread Id: 2 - Prime - 773
Found by thread Id: 2 - Prime - 787

Found by thread Id: 1 - Prime - 797
Found by thread Id: 1 - Prime - 811Found by thread Id: 
2Found by thread Id:  - Prime - 1 - Prime - 809821

Found by thread Id: 1 - Prime - 823
Found by thread Id: 2 - Prime - 827
Found by thread Id: 2 - Prime - 829
Found by thread Id: 2 - Prime - 839
Found by thread Id: 2 - Prime - 853
Found by thread Id: Found by thread Id: 2 - Prime - 859
Found by thread Id: 2 - Prime - 863
Found by thread Id: 2 - Prime - 8771
Found by thread Id: 2 - Prime - 881
Found by thread Id: 2 - Prime - 883
Found by thread Id: 2 - Prime - 887
Found by thread Id: 2 - Prime -  - Prime - 907
Found by thread Id: 2 - Prime - 911
Found by thread Id: 2 - Prime - 919
Found by thread Id: 2 - Prime - 929
Found by thread Id: 2 - Prime - 937
Found by thread Id: 2 - Prime - 941
Found by thread Id: 2 - Prime - 947
Found by thread Id: 2 - Prime - 953
Found by thread Id: 2 - Prime - 967
Found by thread Id: 2 - Prime - 971
Found by thread Id: 2 - Prime - 977
Found by thread Id: 2 - Prime - 983
Found by thread Id: 2 - Prime - 991
Found by thread Id: 2 - Prime - 997
Found by thread Id: 2 - Prime - 1009
857Found by thread Id: 2 - Prime - 1013
Found by thread Id: 2 - Prime - 1019
Found by thread Id: 2 - Prime - 1021
Found by thread Id: 2 - Prime - 1031
Found by thread Id: 2 - Prime - 1033
Found by thread Id: 2 - Prime - 1039
Found by thread Id: 2 - Prime - 1049
Found by thread Id: 2 - Prime - 1051
Found by thread Id: 2 - Prime - 1061
Found by thread Id: 2 - Prime - 1063
Found by thread Id: 2 - Prime - 1069
Found by thread Id: 2 - Prime - 1087

Found by thread Id: 2 - Prime - 1091
Found by thread Id: 2 - Prime - 1093
Found by thread Id: 2 - Prime - 1097
Found by thread Id: 2 - Prime - 1103
Found by thread Id: 2 - Prime - 1109
Found by thread Id: 2 - Prime - 1117
Found by thread Id: 2 - Prime - 1123
Found by thread Id: 2 - Prime - 1129
Found by thread Id: 2Found by thread Id:  - Prime - 1 - Prime - 11531151

Found by thread Id: 2 - Prime - 1163
Found by thread Id: Found by thread Id: 2 - Prime - 11811
Found by thread Id: 2 - Prime - 1187
Found by thread Id: 2 - Prime - 1193
Found by thread Id: 2 - Prime - 1201
Found by thread Id: 2 - Prime - 1213
Found by thread Id: 2 - Prime - 1217
Found by thread Id: 2 - Prime - 1223
Found by thread Id: 2 - Prime - 1229
Found by thread Id: 2 - Prime - 1231
Found by thread Id: 2 - Prime - 1237
Found by thread Id: 2 - Prime - 1249
Found by thread Id: 2 - Prime - 1259
Found by thread Id: 2 - Prime -  - Prime - 1277
1171Found by thread Id: 2 - Prime - 1279
Found by thread Id: 2 - Prime - 1283
Found by thread Id: 2 - Prime - 1289
Found by thread Id: 2 - Prime - 1291
Found by thread Id: 2 - Prime - 1297
Found by thread Id: 2 - Prime - 1301
Found by thread Id: 2 - Prime - 1303
Found by thread Id: 2 - Prime - 1307
Found by thread Id: 2 - Prime - 1319
Found by thread Id: 2 - Prime - 1321
Found by thread Id: 2 - Prime - 1327

Found by thread Id: 2 - Prime - 1361
Found by thread Id: 2 - Prime - 1367
Found by thread Id: 2 - Prime - Found by thread Id: 1381
1 - Prime - Found by thread Id: 21373 - Prime - 
1399Found by thread Id: 
1 - Prime - 1409Found by thread Id: 2
 - Prime - Found by thread Id: 1 - Prime - 14231427

Found by thread Id: 2 - Prime - 1429Found by thread Id: 1 - Prime - 
1433
Found by thread Id: 1 - Prime - 1439
Found by thread Id: 1 - Prime - 1447Found by thread Id: 2 - Prime - 1451

Found by thread Id: 1 - Prime - Found by thread Id: 2 - Prime - 14591453
Found by thread Id: 2
 - Prime - 1471
Found by thread Id: 1 - Prime - 1481
Found by thread Id: 2 - Prime - 1483
Found by thread Id: 1 - Prime - 1487
Found by thread Id: 1 - Prime - 1489
Found by thread Id: 1 - Prime - 1493
Found by thread Id: 1 - Prime - 1499
Found by thread Id: Found by thread Id: 1 - Prime - 21523 - Prime - 
1511Found by thread Id: 1 - Prime - 1531

Found by thread Id: Found by thread Id: 1 - Prime - 1549
Found by thread Id: 1 - Prime - 1553
Found by thread Id: 1 - Prime - 1559
2Found by thread Id: 1 - Prime - 1567 - Prime - 
Found by thread Id: 1 - Prime - 1571
Found by thread Id: 1 - Prime - 15431579

Found by thread Id: 1 - Prime - 1583
Found by thread Id: 1 - Prime - 1597
Found by thread Id: 2 - Prime - 1601
Found by thread Id: 1 - Prime - 1607
Found by thread Id: 1 - Prime - 1609
Found by thread Id: 1 - Prime - 1613
Found by thread Id: 1 - Prime - 1619
Found by thread Id: 1 - Prime - 1621
Found by thread Id: 1 - Prime - 1627
Found by thread Id: 1 - Prime - 1637
Found by thread Id: 1 - Prime - Found by thread Id: 2 - Prime - 16571663

Found by thread Id: 2 - Prime - 1667Found by thread Id: 1 - Prime - 1669
Found by thread Id: 
1Found by thread Id: 2 - Prime - 1697 - Prime - 
Found by thread Id: 2 - Prime - 16991693
Found by thread Id: 2
 - Prime - Found by thread Id: 1 - Prime - 1721
Found by thread Id: 1 - Prime - 1723
Found by thread Id: 1 - Prime - 1733
Found by thread Id: 1 - Prime - 1741
Found by thread Id: 1 - Prime - 1747
Found by thread Id: 1 - Prime - 1753
Found by thread Id: 1 - Prime - 1759
Found by thread Id: 1 - Prime - 17771709
Found by thread Id: 1 - Prime - 1783
Found by thread Id: 1 - Prime - 1787
Found by thread Id: 1 - Prime - 1789
Found by thread Id: 1 - Prime - 1801
Found by thread Id: 1 - Prime - 1811
Found by thread Id: 1 - Prime - 1823
Found by thread Id: 1 - Prime - 1831
Found by thread Id: 1 - Prime - 1847

Found by thread Id: 1 - Prime - 1861
Found by thread Id: 2 - Prime - Found by thread Id: 1 - Prime - 1871
Found by thread Id: 1 - Prime - 1873
Found by thread Id: 1 - Prime - 1877
Found by thread Id: 1 - Prime - 1879
Found by thread Id: 1 - Prime - 1889
Found by thread Id: 1 - Prime - 1901
Found by thread Id: 1 - Prime - 1907
Found by thread Id: 1 - Prime - 1913
Found by thread Id: 1 - Prime - 18671931

Found by thread Id: 1 - Prime - 1933
Found by thread Id: 1 - Prime - 1949Found by thread Id: 2 - Prime - 1951

Found by thread Id: 1 - Prime - Found by thread Id: 2 - Prime - 19791973
Found by thread Id: 2 - Prime - 
1987Found by thread Id: 1 - Prime - 1993
Found by thread Id: 1 - Prime - 1997
Found by thread Id: 1 - Prime - 1999
Found by thread Id: 1 - Prime - 2003
Found by thread Id: 1 - Prime - 2011
Found by thread Id: 1 - Prime - 2017
Found by thread Id: 1 - Prime - 2027
Found by thread Id: 1 - Prime - 2029
Found by thread Id: 1 - Prime - 2039
Found by thread Id: 1 - Prime - 2053
Found by thread Id: 1 - Prime - 2063
Found by thread Id: 1 - Prime - 2069
Found by thread Id: 1 - Prime - 2081
Found by thread Id: 1 - Prime - 2083
Found by thread Id: 1 - Prime - 2087
Found by thread Id: 1 - Prime - 2089
Found by thread Id: 1 - Prime - 2099
Found by thread Id: 1 - Prime - 2111
Found by thread Id: 1 - Prime - 2113
Found by thread Id: 1 - Prime - 2129

Found by thread Id: 1 - Prime - 2131
Found by thread Id: 1 - Prime - 2137
Found by thread Id: 1 - Prime - 2141
Found by thread Id: 1 - Prime - 2143
Found by thread Id: 1 - Prime - 2153
Found by thread Id: 1 - Prime - 2161
Found by thread Id: 1 - Prime - 2179
Found by thread Id: Found by thread Id: 1 - Prime - 2207
Found by thread Id: 1 - Prime - 2213
Found by thread Id: 1 - Prime - 2221
Found by thread Id: 1 - Prime - 22372
Found by thread Id: 1 - Prime - 2239
Found by thread Id: 1 - Prime - 2243
Found by thread Id: 1 - Prime - 2251
Found by thread Id: 1 - Prime - 2267 - Prime - 
Found by thread Id: 1 - Prime - 2269
Found by thread Id: 1 - Prime - 2273
Found by thread Id: 1 - Prime - 2281
Found by thread Id: 1 - Prime - 2287
Found by thread Id: 1 - Prime - 2293
Found by thread Id: 1 - Prime - 2297
Found by thread Id: 1 - Prime - 2309
Found by thread Id: 1 - Prime - 2311
Found by thread Id: 12203 - Prime - 2333

Found by thread Id: 2 - Prime - 2339Found by thread Id: 1 - Prime - 2341
Found by thread Id: 1 - Prime - 2347
Found by thread Id: 1 - Prime - 2351
Found by thread Id: 1 - Prime - 2357
Found by thread Id: 1 - Prime - 2371

Found by thread Id: 1 - Prime - 2377
Found by thread Id: 1 - Prime - 2381
Found by thread Id: 1 - Prime - 2383
Found by thread Id: 1 - Prime - 2389
Found by thread Id: 1 - Prime - 2393
Found by thread Id: 1 - Prime - 2399
Found by thread Id: 1 - Prime - 2411
Found by thread Id: 1 - Prime - 2417
Found by thread Id: 1 - Prime - 2423
Found by thread Id: 1 - Prime - 2437
Found by thread Id: 2 - Prime - 2441Found by thread Id: 1 - Prime - 2447
Found by thread Id: 1 - Prime - 2459

Found by thread Id: 1 - Prime - 2467
Found by thread Id: 1 - Prime - 2473
Found by thread Id: 1 - Prime - 2477
Found by thread Id: Found by thread Id: 12 - Prime - 2521 - Prime - 
2503Found by thread Id: 2
 - Prime - 2531Found by thread Id: 1 - Prime - 2539
Found by thread Id: 1 - Prime - 2543
Found by thread Id: 1 - Prime - 2549
Found by thread Id: 1 - Prime - 2551
Found by thread Id: 1 - Prime - 2557
Found by thread Id: 1 - Prime - 
2579
Found by thread Id: 1 - Prime - 2591
Found by thread Id: 1 - Prime - 2593
Found by thread Id: 1 - Prime - 2609Found by thread Id: 2 - Prime - 
2617Found by thread Id: 1 - Prime - 2621
Found by thread Id: 1 - Prime - 2633

Found by thread Id: 1 - Prime - 2647
Found by thread Id: 1 - Prime - 2657
Found by thread Id: 1 - Prime - 2659
Found by thread Id: 1 - Prime - 2663
Found by thread Id: 1 - Prime - 2671
Found by thread Id: 1 - Prime - 2677
Found by thread Id: 1 - Prime - 2683
Found by thread Id: 1 - Prime - 2687
Found by thread Id: 1 - Prime - 2689
Found by thread Id: 1 - Prime - 2693
Found by thread Id: 1 - Prime - 2699
Found by thread Id: 1 - Prime - 2707
Found by thread Id: 1 - Prime - 2711
Found by thread Id: 1 - Prime - 2713
Found by thread Id: 1 - Prime - 2719
Found by thread Id: 1 - Prime - 2729
Found by thread Id: 1 - Prime - 2731
Found by thread Id: 1 - Prime - 2741
Found by thread Id: 1 - Prime - 2749
Found by thread Id: 1 - Prime - 2753
Found by thread Id: 1 - Prime - 2767Found by thread Id: 
2 - Prime - Found by thread Id: 1 - Prime - 2789
Found by thread Id: 1 - Prime - 2791
Found by thread Id: 1 - Prime - 2797
Found by thread Id: 1 - Prime - 2801
Found by thread Id: 1 - Prime - 2803
Found by thread Id: 1 - Prime - 2819
2777Found by thread Id: 1 - Prime - 2833
Found by thread Id: 1 - Prime - 2837
Found by thread Id: 1 - Prime - 2843
Found by thread Id: 1 - Prime - 2851
Found by thread Id: 1 - Prime - 2857
Found by thread Id: 1 - Prime - 2861
Found by thread Id: 1 - Prime - 2879
Found by thread Id: 1 - Prime - 2887
Found by thread Id: 1 - Prime - 2897
Found by thread Id: 1 - Prime - 2903
Found by thread Id: 1 - Prime - 2909
Found by thread Id: 1 - Prime - 2917
Found by thread Id: 1 - Prime - 2927
Found by thread Id: 1 - Prime - 2939
Found by thread Id: 1 - Prime - 2953
Found by thread Id: 1 - Prime - 2957
Found by thread Id: 1 - Prime - 2963
Found by thread Id: 1 - Prime - 2969
Found by thread Id: 1 - Prime - 2971
Found by thread Id: 
1 - Prime - Found by thread Id: 2 - Prime - 3001
2999Found by thread Id: 2
 - Prime - Found by thread Id: 1 - Prime - 3019
Found by thread Id: 1 - Prime - 3023
Found by thread Id: 1 - Prime - 3037
3011Found by thread Id: 1 - Prime - 3041
Found by thread Id: 1 - Prime - 3049
Found by thread Id: 1 - Prime - 3061
Found by thread Id: 1 - Prime - 3067
Found by thread Id: 1 - Prime - 3079
Found by thread Id: 1 - Prime - 3083
Found by thread Id: 1 - Prime - 3089
Found by thread Id: 1 - Prime - 
3109Found by thread Id: 2
 - Prime - Found by thread Id: 1 - Prime - 3121
Found by thread Id: 1 - Prime - 31373119
Found by thread Id: 
1 - Prime - 3163Found by thread Id: 2 - Prime - 3167

Found by thread Id: 2 - Prime - 3169
Found by thread Id: 1 - Prime - 3181
Found by thread Id: 1 - Prime - 3187
Found by thread Id: 1 - Prime - 3191
Found by thread Id: 1 - Prime - 3203Found by thread Id: 2 - Prime - 
3209Found by thread Id: 1 - Prime - 3217
Found by thread Id: 1 - Prime - 3221
Found by thread Id: 1 - Prime - 3229
Found by thread Id: 
1Found by thread Id: 2 - Prime - 3253
 - Prime - Found by thread Id: 2 - Prime - 32573251

Found by thread Id: 2 - Prime - 3259Found by thread Id: 1 - Prime - 3271

Found by thread Id: 1Found by thread Id: 2 - Prime - 3301
 - Prime - Found by thread Id: 2 - Prime - 32993307

Found by thread Id: 1 - Prime - 3313
Found by thread Id: 1 - Prime - 3319
Found by thread Id: 1 - Prime - 3323
Found by thread Id: 1 - Prime - 3329
Found by thread Id: 1 - Prime - 3331
Found by thread Id: 1 - Prime - 3343
Found by thread Id: 1 - Prime - 3347
Found by thread Id: 1 - Prime - 3359
Found by thread Id: 1 - Prime - 3361
Found by thread Id: 1 - Prime - 3371
Found by thread Id: 1 - Prime - 3373
Found by thread Id: 1 - Prime - 3389Found by thread Id: 2 - Prime - 3391

Found by thread Id: 1 - Prime - 3407
Found by thread Id: 2 - Prime - 3413Found by thread Id: 1 - Prime - 3433

Found by thread Id: 1 - Prime - 3449
Found by thread Id: 2 - Prime - 3457
Found by thread Id: 2 - Prime - Found by thread Id: 34631
 - Prime - Found by thread Id: 2 - Prime - 34673461
Found by thread Id: 2 - Prime - 3469

Found by thread Id: 2 - Prime - 3491Found by thread Id: 
1Found by thread Id:  - Prime - 2 - Prime - 3511
Found by thread Id: 2 - Prime - 34993517

Found by thread Id: 2Found by thread Id: 1 - Prime - 3529
Found by thread Id: 1 - Prime - 3533
Found by thread Id: 1 - Prime - 3539
Found by thread Id: 1 - Prime - 3541
Found by thread Id: 1 - Prime - 3547
Found by thread Id: 1 - Prime - 3557
Found by thread Id: 1 - Prime - 3559
Found by thread Id: 1 - Prime - 3571
Found by thread Id: 1 - Prime - 3581
Found by thread Id: 1 - Prime - 3583
Found by thread Id: 1 - Prime - 3593
Found by thread Id: 1 - Prime - 3607
 - Prime - Found by thread Id: 1 - Prime - 3613
Found by thread Id: 1 - Prime - 3617
Found by thread Id: 1 - Prime - 3623
Found by thread Id: 1 - Prime - 3631
Found by thread Id: 1 - Prime - 3637
Found by thread Id: 1 - Prime - 3643
Found by thread Id: 1 - Prime - 36593527
Found by thread Id: 1 - Prime - 3671
Found by thread Id: 1 - Prime - 3673
Found by thread Id: 1 - Prime - 3677
Found by thread Id: 1 - Prime - 3691

Found by thread Id: 2 - Prime - 3697Found by thread Id: 1 - Prime - 3701
Found by thread Id: 1 - Prime - 3709
Found by thread Id: 1 - Prime - 3719
Found by thread Id: 1 - Prime - 3727
Found by thread Id: 1 - Prime - 3733
Found by thread Id: 1 - Prime - 3739
Found by thread Id: 1 - Prime - 
3761Found by thread Id: 2 - Prime - 
3767Found by thread Id: 1 - Prime - 3769
Found by thread Id: 1 - Prime - 3779
Found by thread Id: 1 - Prime - 3793
Found by thread Id: 1 - Prime - 3797
Found by thread Id: 1 - Prime - 3803
Found by thread Id: 1 - Prime - 3821

Found by thread Id: 2 - Prime - 3823Found by thread Id: 
1Found by thread Id:  - Prime - 2 - Prime - 3847
3833Found by thread Id: 2 - Prime - 3851

Found by thread Id: 2 - Prime - 3853Found by thread Id: 1 - Prime - 3863
Found by thread Id: 1 - Prime - 3877

Found by thread Id: 1 - Prime - 3881
Found by thread Id: 1 - Prime - 3889
Found by thread Id: 1 - Prime - 3907
Found by thread Id: Found by thread Id: 1 - Prime - 3917
Found by thread Id: 1 - Prime - 3919
Found by thread Id: 1 - Prime - 3923
Found by thread Id: 1 - Prime - 3929
Found by thread Id: 1 - Prime - 3931
Found by thread Id: 1 - Prime - 3943
Found by thread Id: 1 - Prime - 3947
Found by thread Id: 12 - Prime - 3911
 - Prime - 3967Found by thread Id: 2
 - Prime - Found by thread Id: 1 - Prime - 4001
Found by thread Id: 1 - Prime - 4003
Found by thread Id: 1 - Prime - 4007
Found by thread Id: 1 - Prime - 4013
Found by thread Id: 1 - Prime - 4019
Found by thread Id: 1 - Prime - 4021
Found by thread Id: 1 - Prime - 4027
Found by thread Id: 13989 - Prime - 4049

Found by thread Id: Found by thread Id: 1 - Prime - 4057
Found by thread Id: 1 - Prime - 4073
Found by thread Id: 1 - Prime - 4079
Found by thread Id: 1 - Prime - 4091
2Found by thread Id: 1 - Prime - 4093
Found by thread Id: 1 - Prime - 4099
Found by thread Id: 1 - Prime - 4111
Found by thread Id: 1 - Prime - 4127
Found by thread Id: 1 - Prime - 4129
Found by thread Id: 1 - Prime - 4133
Found by thread Id: 1 - Prime - 4139
Found by thread Id: 1 - Prime - 4153 - Prime - 
Found by thread Id: 1 - Prime - 4157
Found by thread Id: 1 - Prime - 4159
Found by thread Id: 1 - Prime - 41774051
Found by thread Id: 
1 - Prime - 4201Found by thread Id: 2 - Prime - 4211
Found by thread Id: 2 - Prime - 4217
Found by thread Id: 2 - Prime - 4219
Found by thread Id: 2 - Prime - 4229
Found by thread Id: 2 - Prime - 4231
Found by thread Id: 2 - Prime - 4241
Found by thread Id: 2 - Prime - 4243
Found by thread Id: 2 - Prime - 4253
Found by thread Id: 2 - Prime - 4259
Found by thread Id: 2 - Prime - 4261
Found by thread Id: 2 - Prime - 4271
Found by thread Id: 2 - Prime - 4273
Found by thread Id: 2 - Prime - 4283
Found by thread Id: 2 - Prime - 4289
Found by thread Id: 2 - Prime - 4297
Found by thread Id: 2 - Prime - 4327
Found by thread Id: 2 - Prime - 4337
Found by thread Id: 2 - Prime - 4339
Found by thread Id: 2 - Prime - 4349
Found by thread Id: 2 - Prime - 4357
Found by thread Id: 2 - Prime - 4363
Found by thread Id: 2 - Prime - 4373
Found by thread Id: 2 - Prime - 4391
Found by thread Id: 2 - Prime - 4397
Found by thread Id: 2 - Prime - 4409
Found by thread Id: 2 - Prime - 4421
Found by thread Id: 2 - Prime - 4423
Found by thread Id: 2 - Prime - 4441
Found by thread Id: 2 - Prime - 4447
Found by thread Id: 2 - Prime - 4451
Found by thread Id: 2 - Prime - 4457
Found by thread Id: 2 - Prime - 4463
Found by thread Id: 2 - Prime - 4481

Found by thread Id: 2 - Prime - Found by thread Id: 1 - Prime - 4493
4483Found by thread Id: 1 - Prime - 4507
Found by thread Id: 1 - Prime - 4513
Found by thread Id: 1 - Prime - 4517
Found by thread Id: 1 - Prime - 4519
Found by thread Id: 1 - Prime - 4523
Found by thread Id: 
1Found by thread Id:  - Prime - 2 - Prime - 4549
4547Found by thread Id: 
2 - Prime - 4561Found by thread Id: 1 - Prime - 4567
Found by thread Id: 1 - Prime - 
4583Found by thread Id: 
2 - Prime - Found by thread Id: 1 - Prime - 4597
Found by thread Id: 1 - Prime - 4603
Found by thread Id: 1 - Prime - 45914621

Found by thread Id: 1 - Prime - 4637Found by thread Id: 
2 - Prime - 4639Found by thread Id: 1 - Prime - 4643
Found by thread Id: 1 - Prime - 4649
Found by thread Id: 1 - Prime - 4651
Found by thread Id: 1 - Prime - 4657
Found by thread Id: 1 - Prime - 4663
Found by thread Id: 1 - Prime - 4673
Found by thread Id: 1 - Prime - 4679
Found by thread Id: 1 - Prime - 4691

Found by thread Id: 1 - Prime - 4703
Found by thread Id: 1 - Prime - Found by thread Id: 47212 - Prime - 4723

Found by thread Id: 2 - Prime - Found by thread Id: 1 - Prime - 4733
Found by thread Id: 1 - Prime - 47294751

Found by thread Id: 1 - Prime - 4759
Found by thread Id: 1Found by thread Id:  - Prime - 2 - Prime - 4787
4783Found by thread Id: 2 - Prime - 4789

Found by thread Id: 1 - Prime - 4793
Found by thread Id: 1 - Prime - 4799
Found by thread Id: 1 - Prime - 4801
Found by thread Id: 1 - Prime - 4813
Found by thread Id: Found by thread Id: 1 - Prime - 48312
 - Prime - Found by thread Id: 1 - Prime - 48174861

Found by thread Id: 1 - Prime - 4871
Found by thread Id: 1 - Prime - 4877
Found by thread Id: 1 - Prime - 4889
Found by thread Id: 2Found by thread Id:  - Prime - 1 - Prime - 49034909
Found by thread Id: 
2Found by thread Id: 1 - Prime - 4931
Found by thread Id: 1 - Prime - 4933
Found by thread Id: 1 - Prime - 4937
Found by thread Id: 1 - Prime - 4943
Found by thread Id: 1 - Prime - 4951
Found by thread Id: 1 - Prime - 4957
Found by thread Id: 1 - Prime - 4967
Found by thread Id: 1 - Prime - 4969
Found by thread Id: 1 - Prime - 4973
Found by thread Id: 1 - Prime - 4987
 - Prime - Found by thread Id: 1 - Prime - 4993
Found by thread Id: 1 - Prime - 4999
Found by thread Id: 1 - Prime - 5003
Found by thread Id: 1 - Prime - 5009
Found by thread Id: 1 - Prime - 5011
Found by thread Id: 1 - Prime - 5021
4919Found by thread Id: 1 - Prime - 5023
Found by thread Id: 1 - Prime - 
5039
Found by thread Id: 1 - Prime - 5051
Found by thread Id: 2 - Prime - 5059
Found by thread Id: 2 - Prime - 5081Found by thread Id: 
Found by thread Id: 21 - Prime - 5087 - Prime - 
Found by thread Id: 50772 - Prime - 
5099Found by thread Id: 1 - Prime - 5101
Found by thread Id: 1 - Prime - 5107
Found by thread Id: 1 - Prime - 5113
Found by thread Id: 1 - Prime - 5119

Found by thread Id: Found by thread Id: 12 - Prime -  - Prime - 51535147

Found by thread Id: Found by thread Id: 1 - Prime - 5171
Found by thread Id: 1 - Prime - 5179
Found by thread Id: 1 - Prime - 5189
Found by thread Id: 1 - Prime - 5197
Found by thread Id: 1 - Prime - 5209
2Found by thread Id: 1 - Prime - 5227
 - Prime - Found by thread Id: 1 - Prime - 5231
Found by thread Id: 1 - Prime - 5233
Found by thread Id: 1 - Prime - 5237
Found by thread Id: 51671 - Prime - 5261

Found by thread Id: 1 - Prime - 5273
Found by thread Id: Found by thread Id: 1 - Prime - 5281
Found by thread Id: 12 - Prime - 5297
Found by thread Id: 1 - Prime - 5303
Found by thread Id: 1 - Prime - 5309
Found by thread Id: 1 - Prime - 5323 - Prime - 
Found by thread Id: 1 - Prime - 5333
5279Found by thread Id: 1 - Prime - 5347

Found by thread Id: 1 - Prime - 5351
Found by thread Id: 1 - Prime - 5381
Found by thread Id: 1 - Prime - 5393
Found by thread Id: 1 - Prime - 5399
Found by thread Id: 1 - Prime - 5407
Found by thread Id: 1 - Prime - 5413
Found by thread Id: 1 - Prime - 5417
Found by thread Id: 1 - Prime - 5419
Found by thread Id: 1 - Prime - 5431Found by thread Id: 
Found by thread Id: 1 - Prime - 5437
Found by thread Id: 1 - Prime - 5441
Found by thread Id: 1 - Prime - 5443
Found by thread Id: 1 - Prime - 5449
Found by thread Id: 12 - Prime - 5471
Found by thread Id: 1 - Prime - 5477
Found by thread Id: 1 - Prime - 5479
Found by thread Id: 1 - Prime - 5483
Found by thread Id: 1 - Prime -  - Prime - 5501
5387Found by thread Id: 1 - Prime - 5503
Found by thread Id: 1 - Prime - 5507
Found by thread Id: 1 - Prime - 5519

Found by thread Id: Found by thread Id: 1 - Prime - 5527
Found by thread Id: 1 - Prime - 5531
Found by thread Id: 21 - Prime - 5557
Found by thread Id: 1 - Prime - 5563
Found by thread Id: 1 - Prime - 5569
Found by thread Id: 1 - Prime - 5573
Found by thread Id: 1 - Prime - 5581
Found by thread Id: 1 - Prime - 5591
 - Prime - Found by thread Id: 1 - Prime - 55215623

Found by thread Id: 1 - Prime - 5639Found by thread Id: 
2 - Prime - 5641Found by thread Id: 1 - Prime - 5647
Found by thread Id: 1 - Prime - 5651
Found by thread Id: 1 - Prime - 5653
Found by thread Id: 1 - Prime - 5657
Found by thread Id: 1 - Prime - 5659
Found by thread Id: 1 - Prime - 5669
Found by thread Id: 1 - Prime - 5683

Found by thread Id: Found by thread Id: 1 - Prime - 5693
Found by thread Id: 1 - Prime - 5701
Found by thread Id: 1 - Prime - 5711
Found by thread Id: 1 - Prime - 5717
Found by thread Id: 1 - Prime - 25737
Found by thread Id: 1 - Prime - 5741
Found by thread Id: 1 - Prime - 5743
Found by thread Id: 1 - Prime - 5749
 - Prime - Found by thread Id: 1 - Prime - 56895779

Found by thread Id: 1 - Prime - 5783
Found by thread Id: 1 - Prime - 5791
Found by thread Id: 1 - Prime - 5801
Found by thread Id: 1 - Prime - 5807
Found by thread Id: 1 - Prime - 5813
Found by thread Id: 1 - Prime - 5821
Found by thread Id: 1 - Prime - 5827
Found by thread Id: 1 - Prime - 5839
Found by thread Id: Found by thread Id: 1 - Prime - 5849
Found by thread Id: 1 - Prime - 5851
Found by thread Id: 1 - Prime - 5857
Found by thread Id: 1 - Prime - 5861
Found by thread Id: 1 - Prime - 5867
Found by thread Id: 1 - Prime - 5869
Found by thread Id: 1 - Prime - 5879
Found by thread Id: 1 - Prime - 5881
Found by thread Id: 12 - Prime - 5897
Found by thread Id: 1 - Prime - 5903
Found by thread Id:  - Prime - 1 - Prime - 58435923
Found by thread Id: 
2 - Prime - Found by thread Id: 1 - Prime - 5939
Found by thread Id: 1 - Prime - 5953
5927
Found by thread Id: Found by thread Id: 12 - Prime -  - Prime - 59875981

Found by thread Id: 2 - Prime - 6007Found by thread Id: 
1Found by thread Id:  - Prime - 26011 - Prime - 6029

Found by thread Id: Found by thread Id: 1 - Prime - 6043
Found by thread Id: 1 - Prime - 6047
Found by thread Id: 1 - Prime - 6053
Found by thread Id: 1 - Prime - 26067
Found by thread Id: 1 - Prime - 6073
Found by thread Id: 1 - Prime - 6079
Found by thread Id: 1 - Prime - 6089
Found by thread Id: 1 - Prime - 6091
Found by thread Id: 1 - Prime - 6101
Found by thread Id: 1 - Prime - 6113 - Prime - 
Found by thread Id: 1 - Prime - 6121
Found by thread Id: 1 - Prime - 6131
Found by thread Id: 1 - Prime - 6133
Found by thread Id: 1 - Prime - 6143
Found by thread Id: 1 - Prime - 6151
Found by thread Id: 1 - Prime - 6163
6037Found by thread Id: 1 - Prime - 6173
Found by thread Id: 1
 - Prime - 6197
Found by thread Id: Found by thread Id: 1 - Prime - 6203
Found by thread Id: 1 - Prime - 6211
Found by thread Id: 1 - Prime - 6217
Found by thread Id: 1 - Prime - 6221
Found by thread Id: 1 - Prime - 6229
Found by thread Id: 1 - Prime - 26247
Found by thread Id: 1 - Prime - 6257
Found by thread Id: 1 - Prime - 6263
Found by thread Id: 1 - Prime - 6269
Found by thread Id: 1 - Prime - 6271
Found by thread Id: 1 - Prime - 6277
Found by thread Id: 1 - Prime - 6287
Found by thread Id: 1 - Prime - 6299
Found by thread Id: 1 - Prime - 6301
Found by thread Id: 1 - Prime - 6311
Found by thread Id: 1 - Prime - 6317
Found by thread Id: 1 - Prime - 6323
Found by thread Id: 1 - Prime - 6329
Found by thread Id: 1 - Prime - 6337
Found by thread Id: 1 - Prime - 6343
Found by thread Id: 1 - Prime - 6353
Found by thread Id: 1 - Prime - 6359
Found by thread Id: 1 - Prime - 6361
Found by thread Id: 1 - Prime - 6367
Found by thread Id: 1 - Prime - 6373
Found by thread Id: 1 - Prime - 6379
Found by thread Id: 1 - Prime - 6389
Found by thread Id: 1 - Prime - 6397
Found by thread Id:  - Prime - 1 - Prime - 61996421

Found by thread Id: 1 - Prime - 6427
Found by thread Id: Found by thread Id: 12 - Prime - 6451 - Prime - 
6449
Found by thread Id: Found by thread Id: 21 - Prime -  - Prime - 6469
Found by thread Id: 26473 - Prime - 
6481Found by thread Id: 1 - Prime - 6491

Found by thread Id: 1 - Prime - Found by thread Id: 2 - Prime - 65216529

Found by thread Id: 1 - Prime - 6547Found by thread Id: 
2 - Prime - Found by thread Id: 1 - Prime - 6553
Found by thread Id: 1 - Prime - 6563
Found by thread Id: 1 - Prime - 6569
Found by thread Id: 1 - Prime - 6571
Found by thread Id: 1 - Prime - 6577
Found by thread Id: 1 - Prime - 6581
Found by thread Id: 1 - Prime - 65996551
Found by thread Id: 1 - Prime - 6607
Found by thread Id: 1 - Prime - 6619
Found by thread Id: 1 - Prime - 6637

Found by thread Id: 2Found by thread Id:  - Prime - 1 - Prime - 66596653
Found by thread Id: 1 - Prime - 6661
Found by thread Id: 1 - Prime - 6673
Found by thread Id: 1 - Prime - 6679
Found by thread Id: 1 - Prime - 6689
Found by thread Id: 1 - Prime - 6691
Found by thread Id: 1 - Prime - 6701
Found by thread Id: 1 - Prime - 6703
Found by thread Id: 1 - Prime - 6709
Found by thread Id: 1 - Prime - 6719
Found by thread Id: 1 - Prime - 6733

Found by thread Id: 1 - Prime - 6737
Found by thread Id: Found by thread Id: 12 - Prime - 6763
 - Prime - 6761Found by thread Id: 
Found by thread Id: 1 - Prime - 6781
Found by thread Id: 1 - Prime - 6791
Found by thread Id: 1 - Prime - 6793
Found by thread Id: 1 - Prime - 6803
Found by thread Id: 1 - Prime - 68232
Found by thread Id: 1 - Prime - 6827
Found by thread Id: 1 - Prime - 6829
Found by thread Id: 1 - Prime - 6833
Found by thread Id: 1 - Prime - 6841
Found by thread Id: 1 - Prime - 6857 - Prime - 
Found by thread Id: 1 - Prime - 6863
Found by thread Id: 1 - Prime - 6869
Found by thread Id: 1 - Prime - 6871
Found by thread Id: 1 - Prime - 6883
Found by thread Id: 16779 - Prime - 6899

Found by thread Id: 2Found by thread Id:  - Prime - 1 - Prime - 69076911

Found by thread Id: 2 - Prime - Found by thread Id: 69171 - Prime - 6947

Found by thread Id: 1 - Prime - 6949
Found by thread Id: 1 - Prime - 6959
Found by thread Id: 1 - Prime - 6961
Found by thread Id: 1 - Prime - 6967
Found by thread Id: 1 - Prime - 6971
Found by thread Id: 1 - Prime - 6977
Found by thread Id: 1 - Prime - 6983
Found by thread Id: 1 - Prime - 6991
Found by thread Id: 1 - Prime - 6997
Found by thread Id: 1 - Prime - 7001
Found by thread Id: 1 - Prime - 7013
Found by thread Id: Found by thread Id: 1 - Prime - 7027
Found by thread Id: 1 - Prime - 7039
2Found by thread Id: 1 - Prime - 7043
Found by thread Id: 1 - Prime - 7057 - Prime - 
7019Found by thread Id: 1 - Prime - 7069
Found by thread Id: 1 - Prime - 7079
Found by thread Id: 
1 - Prime - 7103Found by thread Id: 
2 - Prime - Found by thread Id: 1 - Prime - 7121
Found by thread Id: 1 - Prime - 7127
Found by thread Id: 1 - Prime - 7129
Found by thread Id: 1 - Prime - 71097151

Found by thread Id: 1 - Prime - 7159
Found by thread Id: 1 - Prime - Found by thread Id: 27177 - Prime - 
Found by thread Id: 1 - Prime - 7193
Found by thread Id: 1 - Prime - 7207
Found by thread Id: 1 - Prime - 7211
Found by thread Id: 1 - Prime - 7213
Found by thread Id: 1 - Prime - 7219
Found by thread Id: 1 - Prime - 7229
Found by thread Id: 1 - Prime - 7237
Found by thread Id: 1 - Prime - 7243
Found by thread Id: 1 - Prime - 7247
Found by thread Id: 1 - Prime - 7253
Found by thread Id: 71871 - Prime - 7283

Found by thread Id: 1 - Prime - 7297
Found by thread Id: 2 - Prime - Found by thread Id: 73071
 - Prime - Found by thread Id: 73092 - Prime - 7321

Found by thread Id: Found by thread Id: 1 - Prime - 7333
Found by thread Id: 1 - Prime - 73492
Found by thread Id: 1 - Prime - 7351
Found by thread Id: 1 - Prime -  - Prime - 73697331
Found by thread Id: 
1 - Prime - 7393Found by thread Id: 
Found by thread Id: 1 - Prime - 7417
Found by thread Id: 1 - Prime - 74332
Found by thread Id: 1 - Prime - 7451 - Prime - 
Found by thread Id: 1 - Prime - 7457
Found by thread Id: 1 - Prime - 7459
Found by thread Id: 1 - Prime - 74777411
Found by thread Id: 1 - Prime - 7481
Found by thread Id: 1 - Prime - 7487
Found by thread Id: 1 - Prime - 7489
Found by thread Id: 1 - Prime - 7499
Found by thread Id: 1 - Prime - 7507
Found by thread Id: 1 - Prime - 7517
Found by thread Id: 1 - Prime - 7523
Found by thread Id: 1 - Prime - 7529
Found by thread Id: 1 - Prime - 7537
Found by thread Id: 1 - Prime - 7541
Found by thread Id: 1 - Prime - 7547
Found by thread Id: 1 - Prime - 7549
Found by thread Id: 1 - Prime - 7559
Found by thread Id: 1 - Prime - 7561
Found by thread Id: 1 - Prime - 7573

Found by thread Id: 1 - Prime - 7577
Found by thread Id: 1 - Prime - 7583
Found by thread Id: 1 - Prime - 7589
Found by thread Id: 1 - Prime - 7591
Found by thread Id: 1 - Prime - 7603
Found by thread Id: Found by thread Id: 1 - Prime - 7621
Found by thread Id: 1 - Prime - 76392
Found by thread Id: 1 - Prime - 7643
Found by thread Id: 1 - Prime - 7649
Found by thread Id:  - Prime - 1 - Prime - 76077669

Found by thread Id: 1 - Prime - 7673
Found by thread Id: 1 - Prime - 7681
Found by thread Id: 1 - Prime - 7687
Found by thread Id: 1 - Prime - 7691
Found by thread Id: 1 - Prime - 7699
Found by thread Id: 1 - Prime - 7703
Found by thread Id: 1 - Prime - 7717
Found by thread Id: 1 - Prime - 7723
Found by thread Id: 1 - Prime - 7727
Found by thread Id: 1 - Prime - 7741
Found by thread Id: Found by thread Id: 1 - Prime - 7757
Found by thread Id: 1 - Prime - 7759
2Found by thread Id: 1 - Prime - 7789
 - Prime - Found by thread Id: 1 - Prime - 7793
Found by thread Id: 77531 - Prime - 7817

Found by thread Id: 1 - Prime - 7823
Found by thread Id: 1 - Prime - 7829
Found by thread Id: 1 - Prime - 7841
Found by thread Id: 1 - Prime - 7853
Found by thread Id: 1 - Prime - 7867
Found by thread Id: 1 - Prime - 7873
Found by thread Id: 1 - Prime - 7877
Found by thread Id: 1 - Prime - 7879
Found by thread Id: 1 - Prime - 7883
Found by thread Id: 1 - Prime - 7901Found by thread Id: 
2 - Prime - Found by thread Id: 1 - Prime - 7919
Found by thread Id: 1 - Prime - 7927
Found by thread Id: 1 - Prime - 7933
Found by thread Id: 1 - Prime - 7937
Found by thread Id: 1 - Prime - 7949
Found by thread Id: 1 - Prime - 7951
Found by thread Id: 1 - Prime - 79637907

Found by thread Id: 1Found by thread Id:  - Prime - 27993 - Prime - 8009

Found by thread Id: 1 - Prime - 8011
Found by thread Id: 1 - Prime - 8017
Found by thread Id: 1Found by thread Id:  - Prime - 80392
Found by thread Id: 1 - Prime - 8059
Found by thread Id: 1 - Prime - 8069
Found by thread Id: 1 - Prime - 8081
Found by thread Id: 1 - Prime - 8087
Found by thread Id: 1 - Prime - 8089
Found by thread Id: 1 - Prime - 8093
Found by thread Id: 1 - Prime - 8101
Found by thread Id: 1 - Prime - 8111
Found by thread Id: 1 - Prime - 8117
Found by thread Id: 1 - Prime - 8123
Found by thread Id:  - Prime - 1 - Prime - 80538147

Found by thread Id: 2 - Prime - Found by thread Id: 81611 - Prime - 8167

Found by thread Id: 2 - Prime - 8171Found by thread Id: 1 - Prime - 8179
Found by thread Id: 1 - Prime - 8191
Found by thread Id: 1 - Prime - 
8209
Found by thread Id: Found by thread Id: 1 - Prime - 8221
Found by thread Id: 1 - Prime - 8231
Found by thread Id: 1 - Prime - 8233
Found by thread Id: 1 - Prime - 8237
Found by thread Id: 1 - Prime - 8243
Found by thread Id: 12 - Prime - 8263
Found by thread Id: 1 - Prime - 8269
Found by thread Id: 1 - Prime - 8273
Found by thread Id: 1 - Prime - 8287
 - Prime - Found by thread Id: 1 - Prime - 8291
Found by thread Id: 1 - Prime - 8293
Found by thread Id: 1 - Prime - 8297
Found by thread Id: 1 - Prime - 8311
8219Found by thread Id: 1 - Prime - 8317
Found by thread Id: 1 - Prime - 8329
Found by thread Id: 1
 - Prime - 8353Found by thread Id: 2
 - Prime - Found by thread Id: 1 - Prime - 8369
Found by thread Id: 1 - Prime - 8377
Found by thread Id: 1 - Prime - 8387
8363Found by thread Id: 1 - Prime - 8389

Found by thread Id: Found by thread Id: 12 - Prime - 8423 - Prime - 
8419Found by thread Id: 2 - Prime - 
8429
Found by thread Id: 2 - Prime - 8431Found by thread Id: 1 - Prime - 8443
Found by thread Id: 1 - Prime - 8447
Found by thread Id: 1 - Prime - 
8461Found by thread Id: 
2 - Prime - 8467Found by thread Id: 
1Found by thread Id:  - Prime - 2 - Prime - 85018513

Found by thread Id: 2 - Prime - Found by thread Id: 1 - Prime - 8527
Found by thread Id: 1 - Prime - 8537
Found by thread Id: 1 - Prime - 8539
Found by thread Id: 1 - Prime - 8543
Found by thread Id: 18521 - Prime - 8563

Found by thread Id: 1 - Prime - 8573
Found by thread Id: 1 - Prime - 8581
Found by thread Id: 1 - Prime - 8597Found by thread Id: 
2 - Prime - 8599Found by thread Id: 1 - Prime - 8609
Found by thread Id: 1 - Prime - 
8623Found by thread Id: 
2 - Prime - Found by thread Id: 1 - Prime - 8629
Found by thread Id: 1 - Prime - 86418627

Found by thread Id: 1 - Prime - 8647
Found by thread Id: 1 - Prime - 8663Found by thread Id: 
2Found by thread Id: 1 - Prime - 8677
Found by thread Id: 1 - Prime - 8681
Found by thread Id: 1 - Prime - 8689
Found by thread Id: 1 - Prime - 8693
Found by thread Id: 1 - Prime - 8699
Found by thread Id: 1 - Prime - 8707
Found by thread Id: 1 - Prime - 8713
Found by thread Id: 1 - Prime - 8719
Found by thread Id: 1 - Prime - 8731
Found by thread Id: 1 - Prime - 8737
Found by thread Id: 1 - Prime - 8741
Found by thread Id: 1 - Prime - 8747
Found by thread Id: 1 - Prime - 8753
Found by thread Id: 1 - Prime - 8761
Found by thread Id: 1 - Prime -  - Prime - 8779
8669Found by thread Id: 1 - Prime - 8783
Found by thread Id: 1
 - Prime - Found by thread Id: 88032 - Prime - 8807

Found by thread Id: 1 - Prime - 8819
Found by thread Id: 1 - Prime - 8821
Found by thread Id: 1 - Prime - 8831
Found by thread Id: 1 - Prime - 8837
Found by thread Id: 1 - Prime - 8839
Found by thread Id: 1 - Prime - 8849
Found by thread Id: 1 - Prime - 8861
Found by thread Id: 1 - Prime - 8863
Found by thread Id: 1 - Prime - 8867
Found by thread Id: 1Found by thread Id:  - Prime - 88872
Found by thread Id:  - Prime - 1 - Prime - 89238893

Found by thread Id: 2 - Prime - 8929
Found by thread Id: Found by thread Id: 21 - Prime -  - Prime - 89418933

Found by thread Id: 1 - Prime - 8951
Found by thread Id: 1 - Prime - 8963
Found by thread Id: 1 - Prime - 8969
Found by thread Id: 1 - Prime - 8971
Found by thread Id: 1 - Prime - 8999
Found by thread Id: 1 - Prime - 9007
Found by thread Id: 1 - Prime - 9011
Found by thread Id: 1 - Prime - 9013
Found by thread Id: 1 - Prime - Found by thread Id: 9029
Found by thread Id: 1 - Prime - 9041
Found by thread Id: 1 - Prime - 9043
Found by thread Id: 1 - Prime - 9049
Found by thread Id: 1 - Prime - 9059
Found by thread Id: 1 - Prime - 9067
Found by thread Id: 21 - Prime - 9091
Found by thread Id: 1 - Prime - 9103
Found by thread Id: 1 - Prime - 9109
Found by thread Id: 1 - Prime - 9127 - Prime - 
Found by thread Id: 1 - Prime - 9133
Found by thread Id: 1 - Prime - 9137
Found by thread Id: 1 - Prime - 9151
9001Found by thread Id: 1 - Prime - 9157
Found by thread Id: 1 - Prime - 9161
Found by thread Id: 1 - Prime - 9173

Found by thread Id: 1 - Prime - 9181
Found by thread Id: 1 - Prime - 9187
Found by thread Id: 1 - Prime - 9199
Found by thread Id: Found by thread Id: 1 - Prime - 9209
Found by thread Id: 1 - Prime - 9221
2Found by thread Id: 1 - Prime - 9227
Found by thread Id: 1 - Prime - 9239
Found by thread Id: 1 - Prime - 9241
Found by thread Id: 1 - Prime - 9257
Found by thread Id:  - Prime - 1 - Prime - 92039277

Found by thread Id: Found by thread Id: 1 - Prime - 9283
Found by thread Id: 1 - Prime - 9293
Found by thread Id: 1 - Prime - 29311
Found by thread Id: 1 - Prime - 9319
Found by thread Id: 1 - Prime - 9323
Found by thread Id: 1 - Prime - 9337
Found by thread Id: 1 - Prime - 9341
Found by thread Id: 1 - Prime - 9343
Found by thread Id: 1 - Prime - 9349
Found by thread Id: 1 - Prime -  - Prime - 93719281
Found by thread Id: 1 - Prime - 9377
Found by thread Id: 1 - Prime - 
9391Found by thread Id: 
2 - Prime - Found by thread Id: 1 - Prime - 9403
Found by thread Id: 1 - Prime - 94139397
Found by thread Id: 1 - Prime - 9419
Found by thread Id: 1 - Prime - 9421
Found by thread Id: 1 - Prime - 9431
Found by thread Id: 1 - Prime - 9433
Found by thread Id: 1 - Prime - 9437
Found by thread Id: 1 - Prime - 9439
Found by thread Id: 1 - Prime - 
9461Found by thread Id: 
2 - Prime - Found by thread Id: 1 - Prime - 9467
Found by thread Id: 1 - Prime - 9473
Found by thread Id: 1 - Prime - 9479
Found by thread Id: 1 - Prime - 9491
9463Found by thread Id: 1 - Prime - 9497
Found by thread Id: 1 - Prime - 9511

Found by thread Id: 2 - Prime - 9521
Found by thread Id: 2 - Prime - Found by thread Id: 9539
Found by thread Id: 2 - Prime - 19547 - Prime - 
9533Found by thread Id: 2 - Prime - 9551

Found by thread Id: 1 - Prime - 9587Found by thread Id: 
Found by thread Id: 1 - Prime - 9613
Found by thread Id: 1 - Prime - 9619
Found by thread Id: 1 - Prime - 9623
Found by thread Id: 1 - Prime - 9629
Found by thread Id: 1 - Prime - 9631
Found by thread Id: 1 - Prime - 9643
Found by thread Id: 1 - Prime - 9649
Found by thread Id: 1 - Prime - 9661
Found by thread Id: 1 - Prime - 9677
2Found by thread Id: 1 - Prime - 9679
Found by thread Id: 1 - Prime - 9689
Found by thread Id: 1 - Prime - 9697
Found by thread Id:  - Prime - 1 - Prime - 96019719

Found by thread Id: Found by thread Id: 1 - Prime - 9733
Found by thread Id: 1 - Prime - 9739
Found by thread Id: 1 - Prime - 9743
Found by thread Id: 1 - Prime - 9749
Found by thread Id: 1 - Prime - 29767
Found by thread Id: 1 - Prime - 9769
Found by thread Id: 1 - Prime - 9781
Found by thread Id: 1 - Prime - 9787
Found by thread Id: 1 - Prime - 9791
Found by thread Id: 1 - Prime - 9803 - Prime - 
Found by thread Id: 1 - Prime - 9811
Found by thread Id: 1 - Prime - 9817
Found by thread Id: 1 - Prime - 9829
Found by thread Id: 1 - Prime - 9833
Found by thread Id: 1 - Prime - 9839
Found by thread Id: 1 - Prime - 9851
Found by thread Id: 1 - Prime - 9857
Found by thread Id: 1 - Prime - 9859
Found by thread Id: 1 - Prime - 9871
9721Found by thread Id: 1 - Prime - 9883
Found by thread Id: 1 - Prime - 9887
Found by thread Id: 1 - Prime - 9901

Found by thread Id: 1 - Prime - 9907
Found by thread Id: 1 - Prime - 9923Found by thread Id: 
2 - Prime - Found by thread Id: 1 - Prime - 9931
Found by thread Id: 1 - Prime - 9941
Found by thread Id: 1 - Prime - 9949
Found by thread Id: 1 - Prime - 99679929
Found by thread Id: 1 - Prime - 9973

